#
# A fatal error has been detected by the Java Runtime Environment:
#
#  EXCEPTION_UNCAUGHT_CXX_EXCEPTION (0xe06d7363) at pc=0x00007ff89bf2ba99, pid=4100, tid=12440
#
# JRE version: OpenJDK Runtime Environment 18.9 (11.0.11+9) (build 11.0.11+9)
# Java VM: OpenJDK 64-Bit Server VM 18.9 (11.0.11+9, mixed mode, tiered, compressed oops, g1 gc, windows-amd64)
# Problematic frame:
# C  [KERNELBASE.dll+0x2ba99]
#
# No core dump will be written. Minidumps are not enabled by default on client versions of Windows
#
# If you would like to submit a bug report, please visit:
#   https://bugreport.java.com/bugreport/crash.jsp
# The crash happened outside the Java Virtual Machine in native code.
# See problematic frame for where to report the bug.
#

---------------  S U M M A R Y ------------

Command Line: -Dsun.java2d.pmoffscreen=false -Dhttps.protocols=TLSv1,TLSv1.1,TLSv1.2 -Dsun.java2d.xrender=false -Dsun.java2d.d3d=false -Dsun.awt.nopixfmt=true -Dsun.java2d.dpiaware=true -Dsun.java2d.uiScale.enabled=false -Xverify:none -Dswing.aatext=true -XX:-UsePerfData -Djdk.map.althashing.threshold=512 -XX:StringTableSize=4072 --add-opens=java.desktop/com.sun.awt=ALL-UNNAMED --add-opens=java.desktop/javax.swing.plaf.synth=ALL-UNNAMED --add-opens=java.base/java.nio=ALL-UNNAMED --add-opens=java.desktop/sun.swing=ALL-UNNAMED --add-opens=java.desktop/javax.swing=ALL-UNNAMED --add-opens=java.desktop/javax.swing.tree=ALL-UNNAMED --add-opens=java.desktop/javax.swing.plaf.basic=ALL-UNNAMED --add-opens=java.desktop/javax.swing.plaf.synth=ALL-UNNAMED --add-opens=java.desktop/javax.swing.plaf.basic=ALL-UNNAMED --add-opens=java.desktop/javax.swing=ALL-UNNAMED --add-opens=java.desktop/javax.swing.tree=ALL-UNNAMED --add-opens=java.desktop/java.awt.event=ALL-UNNAMED --add-exports=java.desktop/javax.swing.plaf.synth=ALL-UNNAMED --add-exports=java.base/java.nio=ALL-UNNAMED --add-exports=java.desktop/sun.swing=ALL-UNNAMED --add-exports=java.desktop/javax.swing=ALL-UNNAMED --add-exports=java.desktop/javax.swing.tree=ALL-UNNAMED --add-exports=java.desktop/javax.swing.plaf.basic=ALL-UNNAMED --add-exports=java.desktop/sun.swing=ALL-UNNAMED --add-exports=java.desktop/sun.swing.table=ALL-UNNAMED --add-exports=java.desktop/sun.swing.plaf.synth=ALL-UNNAMED --add-exports=java.desktop/sun.awt.shell=ALL-UNNAMED --add-exports=java.base/sun.security.action=ALL-UNNAMED --add-exports=java.desktop/sun.font=ALL-UNNAMED -XX:NewSize=60m -XX:MaxNewSize=60m -Xms256m -Xmx3072m -Xss5m 

Host: Intel(R) Xeon(R) W-2145 CPU @ 3.70GHz, 16 cores, 31G,  Windows 10 , 64 bit Build 19041 (10.0.19041.3636)
Time: Fri May 17 18:33:23 2024 Egypt Daylight Time elapsed time: 3412.541701 seconds (0d 0h 56m 52s)

---------------  T H R E A D  ---------------

Current thread (0x000002362c8df000):  JavaThread "AWT-EventQueue-0" [_thread_in_native, id=12440, stack(0x000000742dd00000,0x000000742e200000)]

Stack: [0x000000742dd00000,0x000000742e200000],  sp=0x000000742e1fc6e0,  free space=5105k
Native frames: (J=compiled Java code, j=interpreted, Vv=VM code, C=native code)
C  [KERNELBASE.dll+0x2ba99]
C  [VCRUNTIME140.dll+0x6480]
C  [librdi_common.dll+0x75d496]
C  [MSVCP140.dll+0x12721]
C  [ucrtbase.dll+0x6c87c]
C  [ucrtbase.dll+0x51e19]
C  [librdi_common.dll+0x9eda3f]
C  [librdi_common.dll+0x141889]
C  0x00007ff81cd987c9
C  0x000002361188b7ad

Java frames: (J=compiled Java code, j=interpreted, Vv=VM code)
J 24519  ui.data.labtools.lthwdatai.HWDevice_getName(J)Ljava/lang/String; (0 bytes) @ 0x000002361188b711 [0x000002361188b6c0+0x0000000000000051]
J 25663 c1 ui.data.labtools.e.getName()Ljava/lang/String; (5 bytes) @ 0x000002360910ca14 [0x000002360910c960+0x00000000000000b4]
j  ui.views.cZ.iQT()Ljava/lang/String;+11
j  ui.views.cd.iQT()Ljava/lang/String;+33
j  ui.views.cZ.cB(Lui/data/bq;)V+29
j  ui.views.cZ.iSO()V+41
j  ui.views.cZ.ee(Ljava/util/Collection;)V+260
j  ui.views.cZ.ej(Ljava/lang/Object;)V+12
j  ui.views.cd.ej(Ljava/lang/Object;)V+2
j  ui.data.u.a(Lui/data/ae;Lui/frmwork/a/l;)V+1057
j  ui.data.ad.handleTclEvent(Lui/frmwork/a/l;)V+5
J 23397 c1 ui.frmwork.a.o.c(Lui/frmwork/a/l;)V (61 bytes) @ 0x000002360be13e0c [0x000002360be13460+0x00000000000009ac]
J 20038 c1 ui.frmwork.E.i(JZ)V (471 bytes) @ 0x00000236094ecd5c [0x00000236094e8940+0x000000000000441c]
J 25355 c1 ui.frmwork.E$$Lambda$203.run()V (12 bytes) @ 0x000002360c12c75c [0x000002360c12c680+0x00000000000000dc]
J 16735 c2 java.awt.EventQueue$4.run()Ljava/lang/Object; java.desktop@11.0.11 (5 bytes) @ 0x0000023610626074 [0x0000023610625d80+0x00000000000002f4]
v  ~StubRoutines::call_stub
J 4575  java.security.AccessController.doPrivileged(Ljava/security/PrivilegedAction;Ljava/security/AccessControlContext;)Ljava/lang/Object; java.base@11.0.11 (0 bytes) @ 0x000002361049f4b6 [0x000002361049f440+0x0000000000000076]
J 16485 c2 java.awt.EventQueue.dispatchEvent(Ljava/awt/AWTEvent;)V java.desktop@11.0.11 (80 bytes) @ 0x00000236105893d8 [0x0000023610588e40+0x0000000000000598]
J 16738 c2 ui.frmwork.a.d.dispatchEvent(Ljava/awt/AWTEvent;)V (42 bytes) @ 0x0000023610670cc4 [0x0000023610670b00+0x00000000000001c4]
J 23542% c2 java.awt.EventDispatchThread.pumpEventsForFilter(ILjava/awt/Conditional;Ljava/awt/EventFilter;)V java.desktop@11.0.11 (47 bytes) @ 0x0000023611754af4 [0x0000023611754780+0x0000000000000374]
j  java.awt.EventDispatchThread.pumpEventsForHierarchy(ILjava/awt/Conditional;Ljava/awt/Component;)V+11 java.desktop@11.0.11
j  java.awt.EventDispatchThread.pumpEvents(ILjava/awt/Conditional;)V+4 java.desktop@11.0.11
j  java.awt.EventDispatchThread.pumpEvents(Ljava/awt/Conditional;)V+3 java.desktop@11.0.11
j  java.awt.EventDispatchThread.run()V+9 java.desktop@11.0.11
v  ~StubRoutines::call_stub

siginfo: EXCEPTION_UNCAUGHT_CXX_EXCEPTION (0xe06d7363), ExceptionInformation=0x0000000019930520 0x000000742e1fc840 0x00007ff8650661f0 0x00007ff864160000 


Register to memory mapping:

RIP=0x00007ff89bf2ba99 KERNELBASE.dll
RAX=0x00007ff860bdd4b2 jvm.dll
RBX=0x00007ff8650661f0 librdi_common.dll
RCX=0x0 is NULL
RDX=0x000000074cec3870 is an oop: com.jidesoft.grid.CompoundTableModelEvent 
{0x000000074cec3870} - klass: 'com/jidesoft/grid/CompoundTableModelEvent'
RSP=0x000000742e1fc6e0 is pointing into the stack for thread: 0x000002362c8df000
RBP=0x44e944d122e522ec is an unknown value
RSI=0x000000742e1fc840 is pointing into the stack for thread: 0x000002362c8df000
RDI=0x0000000019930520 is an unknown value
R8 =0x000002360867694d is at begin+589 in a stub
StubRoutines::checkcast_arraycopy [0x0000023608676700, 0x00000236086769b3[ (691 bytes)
R9 =0x00000236289de9a0 points into unknown readable memory: 0x0000023600000002 | 02 00 00 00 36 02 00 00
R10=0x00007ff8610108f2 jvm.dll
R11=0x00000236260882e8 points into unknown readable memory: 0x0000000740b41048 | 48 10 b4 40 07 00 00 00
R12=0x0 is NULL
R13=0x000000742e1fcd58 is pointing into the stack for thread: 0x000002362c8df000
R14=0x000000742e1fcc40 is pointing into the stack for thread: 0x000002362c8df000
R15=0x0000023634a16b50 points into unknown readable memory: 0x00007ff87e8e79d0 | d0 79 8e 7e f8 7f 00 00


Registers:
RAX=0x00007ff860bdd4b2, RBX=0x00007ff8650661f0, RCX=0x0000000000000000, RDX=0x000000074cec3870
RSP=0x000000742e1fc6e0, RBP=0x44e944d122e522ec, RSI=0x000000742e1fc840, RDI=0x0000000019930520
R8 =0x000002360867694d, R9 =0x00000236289de9a0, R10=0x00007ff8610108f2, R11=0x00000236260882e8
R12=0x0000000000000000, R13=0x000000742e1fcd58, R14=0x000000742e1fcc40, R15=0x0000023634a16b50
RIP=0x00007ff89bf2ba99, EFLAGS=0x0000000000000202

Top of Stack: (sp=0x000000742e1fc6e0)
0x000000742e1fc6e0:   0000000000000000 00007ff8650661f0
0x000000742e1fc6f0:   000000742e1fc840 000002362e7e0000
0x000000742e1fc700:   00000001e06d7363 0000000000000000
0x000000742e1fc710:   00007ff89bf2ba99 0000000700000004
0x000000742e1fc720:   0000000019930520 000000742e1fc840
0x000000742e1fc730:   00007ff8650661f0 00007ff864160000
0x000000742e1fc740:   000000742e1fcd58 0000000000000000
0x000000742e1fc750:   000000742e1fc840 44e944d122e522ec
0x000000742e1fc760:   000000742e1fc7e0 00007ff89e364a5f
0x000000742e1fc770:   0000000019930520 0000023600000000
0x000000742e1fc780:   0000023634a16b50 000000742e1fcc40
0x000000742e1fc790:   00007ff865433000 00007ff864160000
0x000000742e1fc7a0:   0000fb3eeae84cba 00007ff89e3547b1
0x000000742e1fc7b0:   00007ff8650661f0 00007ff88b2b6480
0x000000742e1fc7c0:   44e944d122e522ec 0000000000000000
0x000000742e1fc7d0:   0000000000000000 45e245d245ca4618 

Instructions: (pc=0x00007ff89bf2ba99)
0x00007ff89bf2b999:   09 00 48 8b 84 24 b8 00 00 00 48 8b 8c 24 b0 05
0x00007ff89bf2b9a9:   00 00 48 33 cc e8 3d ac 06 00 48 81 c4 c0 05 00
0x00007ff89bf2b9b9:   00 41 5f 41 5e 41 5d 5e 5b c3 cc 48 ff 15 5d 95
0x00007ff89bf2b9c9:   1b 00 0f 1f 44 00 00 eb b0 cc cc cc cc cc cc cc
0x00007ff89bf2b9d9:   cc cc cc cc cc cc cc 40 53 48 83 ec 30 48 8b d1
0x00007ff89bf2b9e9:   48 8d 4c 24 20 e8 5d 23 00 00 85 c0 74 26 48 8b
0x00007ff89bf2b9f9:   4c 24 28 e8 ef 38 00 00 48 8d 4c 24 20 8b d8 48
0x00007ff89bf2ba09:   ff 15 61 8f 1b 00 0f 1f 44 00 00 8b c3 48 83 c4
0x00007ff89bf2ba19:   30 5b c3 cc 83 c8 ff eb f4 cc cc cc cc cc cc cc
0x00007ff89bf2ba29:   cc cc cc cc cc cc cc 48 81 ec d8 00 00 00 48 8b
0x00007ff89bf2ba39:   05 62 b4 28 00 48 33 c4 48 89 84 24 c0 00 00 00
0x00007ff89bf2ba49:   48 83 64 24 28 00 48 8d 05 da ff ff ff 83 e2 01
0x00007ff89bf2ba59:   89 4c 24 20 89 54 24 24 48 89 44 24 30 4d 85 c9
0x00007ff89bf2ba69:   74 4c b8 0f 00 00 00 48 8d 4c 24 40 44 3b c0 49
0x00007ff89bf2ba79:   8b d1 44 0f 47 c0 44 89 44 24 38 49 c1 e0 03 e8
0x00007ff89bf2ba89:   7a bc 08 00 48 8d 4c 24 20 48 ff 15 af 96 1b 00
0x00007ff89bf2ba99:   0f 1f 44 00 00 48 8b 8c 24 c0 00 00 00 48 33 cc
0x00007ff89bf2baa9:   e8 42 ab 06 00 48 81 c4 d8 00 00 00 c3 cc 83 64
0x00007ff89bf2bab9:   24 38 00 eb cf cc cc cc cc cc cc cc cc cc cc cc
0x00007ff89bf2bac9:   cc cc cc cc cc cc cc 65 48 8b 04 25 30 00 00 00
0x00007ff89bf2bad9:   8b 40 68 c3 cc cc cc cc cc cc cc cc cc cc cc cc
0x00007ff89bf2bae9:   cc cc cc cc cc cc cc 48 89 5c 24 10 48 89 74 24
0x00007ff89bf2baf9:   18 57 41 54 41 55 41 56 41 57 48 81 ec b0 02 00
0x00007ff89bf2bb09:   00 48 8b 05 8f b3 28 00 48 33 c4 48 89 84 24 a0
0x00007ff89bf2bb19:   02 00 00 48 8d 15 9f fa 1b 00 48 85 c9 48 0f 45
0x00007ff89bf2bb29:   d1 48 89 94 24 80 00 00 00 48 83 c8 ff 48 ff c0
0x00007ff89bf2bb39:   80 3c 02 00 75 f7 48 ff c0 48 89 84 24 88 00 00
0x00007ff89bf2bb49:   00 48 89 94 24 90 00 00 00 4c 8d 8c 24 88 00 00
0x00007ff89bf2bb59:   00 33 d2 b9 06 00 01 40 44 8d 42 02 e8 c6 fe ff
0x00007ff89bf2bb69:   ff e9 f0 01 00 00 33 f6 48 89 74 24 60 45 33 ff
0x00007ff89bf2bb79:   4c 89 7c 24 48 45 33 f6 4c 89 74 24 58 33 ff 48
0x00007ff89bf2bb89:   89 7c 24 50 e8 3e ff ff ff 89 44 24 40 48 39 35 


Stack slot to memory mapping:
stack at sp + 0 slots: 0x0 is NULL
stack at sp + 1 slots: 0x00007ff8650661f0 librdi_common.dll
stack at sp + 2 slots: 0x000000742e1fc840 is pointing into the stack for thread: 0x000002362c8df000
stack at sp + 3 slots: 0x000002362e7e0000 points into unknown readable memory: 0x0000000000000000 | 00 00 00 00 00 00 00 00
stack at sp + 4 slots: 0x00000001e06d7363 is an unknown value
stack at sp + 5 slots: 0x0 is NULL
stack at sp + 6 slots: 0x00007ff89bf2ba99 KERNELBASE.dll
stack at sp + 7 slots: 0x0000000700000004 is an unknown value


---------------  P R O C E S S  ---------------

Threads class SMR info:
_java_thread_list=0x00000236d576d030, length=61, elements={
0x000002365789d800, 0x0000023658099800, 0x000002365809b800, 0x0000023658103000,
0x0000023658104000, 0x0000023658109800, 0x000002365810c000, 0x000002365810f000,
0x0000023658110800, 0x0000023623197000, 0x0000023623c36000, 0x0000023623d0a000,
0x0000023623c37000, 0x0000023625f19000, 0x000002362c8df000, 0x0000023626de8000,
0x000002362a020000, 0x000002362a021800, 0x000002362a022800, 0x000002362a02b800,
0x000002362a02a000, 0x000002362a02a800, 0x000002362a02d000, 0x000002362a023800,
0x000002362a025800, 0x000002362a021000, 0x000002362a029000, 0x000002362a01f000,
0x00000236230cc800, 0x00000236230d1800, 0x00000236230cd800, 0x00000236483cf800,
0x00000236483cf000, 0x00000236483d0800, 0x00000236483d1000, 0x00000236483d7000,
0x00000236483d8800, 0x00000236483d9800, 0x00000236483d8000, 0x000002362a024000,
0x000002362a028000, 0x00000236483dc000, 0x00000236230d0800, 0x00000236483d3000,
0x00000236483d4800, 0x00000236483db000, 0x00000236230d2800, 0x00000236498e6800,
0x00000236498e7000, 0x00000236d308d000, 0x00000236d3089800, 0x00000236d3093800,
0x00000236d3095000, 0x00000236d3096000, 0x00000236d3091000, 0x00000236d308f800,
0x00000236d3090000, 0x00000236d3096800, 0x00000236d309a800, 0x00000236d3098000,
0x00000236d30a7800
}

Java Threads: ( => current thread )
  0x000002365789d800 JavaThread "main" [_thread_blocked, id=4512, stack(0x0000007428400000,0x0000007428500000)]
  0x0000023658099800 JavaThread "Reference Handler" daemon [_thread_blocked, id=11872, stack(0x0000007428b00000,0x0000007429000000)]
  0x000002365809b800 JavaThread "Finalizer" daemon [_thread_blocked, id=8212, stack(0x0000007429000000,0x0000007429500000)]
  0x0000023658103000 JavaThread "Signal Dispatcher" daemon [_thread_blocked, id=12684, stack(0x0000007429500000,0x0000007429a00000)]
  0x0000023658104000 JavaThread "Attach Listener" daemon [_thread_blocked, id=14992, stack(0x0000007429a00000,0x0000007429f00000)]
  0x0000023658109800 JavaThread "Service Thread" daemon [_thread_blocked, id=10768, stack(0x0000007429f00000,0x000000742a400000)]
  0x000002365810c000 JavaThread "C2 CompilerThread0" daemon [_thread_blocked, id=5756, stack(0x000000742a400000,0x000000742a500000)]
  0x000002365810f000 JavaThread "C1 CompilerThread0" daemon [_thread_blocked, id=2680, stack(0x000000742a500000,0x000000742a600000)]
  0x0000023658110800 JavaThread "Sweeper thread" daemon [_thread_blocked, id=15344, stack(0x000000742a600000,0x000000742ab00000)]
  0x0000023623197000 JavaThread "Common-Cleaner" daemon [_thread_blocked, id=11808, stack(0x000000742ae00000,0x000000742b300000)]
  0x0000023623c36000 JavaThread "Java2D Disposer" daemon [_thread_blocked, id=5256, stack(0x000000742b800000,0x000000742bd00000)]
  0x0000023623d0a000 JavaThread "AWT-Shutdown" [_thread_blocked, id=14504, stack(0x000000742bd00000,0x000000742c200000)]
  0x0000023623c37000 JavaThread "AWT-Windows" daemon [_thread_in_native, id=12024, stack(0x000000742c200000,0x000000742c700000)]
  0x0000023625f19000 JavaThread "TimerQueue" daemon [_thread_blocked, id=12692, stack(0x000000742ce00000,0x000000742d300000)]
=>0x000002362c8df000 JavaThread "AWT-EventQueue-0" [_thread_in_native, id=12440, stack(0x000000742dd00000,0x000000742e200000)]
  0x0000023626de8000 JavaThread "Thread-1" [_thread_in_native, id=11524, stack(0x0000007426d00000,0x0000007428100000)]
  0x000002362a020000 JavaThread "Process Messages Thread" [_thread_blocked, id=11160, stack(0x000000742e700000,0x000000742ec00000)]
  0x000002362a021800 JavaThread "Batik CleanerThread" daemon [_thread_blocked, id=12756, stack(0x000000742e200000,0x000000742e700000)]
  0x000002362a022800 JavaThread "SyntheticaCleanerThread" daemon [_thread_blocked, id=9476, stack(0x000000742f400000,0x000000742f900000)]
  0x000002362a02b800 JavaThread "Monitor HEventQueue Thread" [_thread_blocked, id=1868, stack(0x000000742ff00000,0x0000007430400000)]
  0x000002362a02a000 JavaThread "SyntheticaAnimation 50" daemon [_thread_blocked, id=8780, stack(0x0000007430400000,0x0000007430900000)]
  0x000002362a02a800 JavaThread "SyntheticaAnimation 25" daemon [_thread_blocked, id=13476, stack(0x0000007430c00000,0x0000007431100000)]
  0x000002362a02d000 JavaThread "SyntheticaAnimation 70" daemon [_thread_blocked, id=2260, stack(0x0000007431600000,0x0000007431b00000)]
  0x000002362a023800 JavaThread "Refresh Filesets Swing Worker Thread" [_thread_blocked, id=7336, stack(0x000000742f900000,0x000000742fe00000)]
  0x000002362a025800 JavaThread "Thread-16" [_thread_blocked, id=9048, stack(0x0000007431b00000,0x0000007432000000)]
  0x000002362a021000 JavaThread "OutputGobbler" daemon [_thread_in_native, id=15008, stack(0x0000007432000000,0x0000007432500000)]
  0x000002362a029000 JavaThread "ErrorGobbler" daemon [_thread_in_native, id=1676, stack(0x0000007432500000,0x0000007432a00000)]
  0x000002362a01f000 JavaThread "hw_ila_monitor" [_thread_blocked, id=12172, stack(0x0000007433400000,0x0000007433900000)]
  0x00000236230cc800 JavaThread "pool-3-thread-1" [_thread_blocked, id=3512, stack(0x0000007433e00000,0x0000007434300000)]
  0x00000236230d1800 JavaThread "pool-4-thread-1" [_thread_blocked, id=9736, stack(0x0000007434300000,0x0000007434800000)]
  0x00000236230cd800 JavaThread "pool-5-thread-1" [_thread_blocked, id=6076, stack(0x0000007434800000,0x0000007434d00000)]
  0x00000236483cf800 JavaThread "Update Runs Swing Worker Thread" [_thread_blocked, id=1748, stack(0x0000007435200000,0x0000007435700000)]
  0x00000236483cf000 JavaThread "Watchdog Thread for com.sigasi.lsp.server.BootstrappedLspServer" daemon [_thread_blocked, id=13364, stack(0x0000007431100000,0x0000007431600000)]
  0x00000236483d0800 JavaThread "Life support thread" daemon [_thread_blocked, id=2960, stack(0x0000007432f00000,0x0000007433400000)]
  0x00000236483d1000 JavaThread "ForkJoinPool.commonPool-worker-19" daemon [_thread_blocked, id=10988, stack(0x0000007432a00000,0x0000007432f00000)]
  0x00000236483d7000 JavaThread "Protocol translation thread 0" [_thread_in_native, id=5856, stack(0x0000007435700000,0x0000007435c00000)]
  0x00000236483d8800 JavaThread "pool-7-thread-1" [_thread_blocked, id=11696, stack(0x0000007435c00000,0x0000007436100000)]
  0x00000236483d9800 JavaThread "EMF Reference Cleaner" daemon [_thread_blocked, id=14508, stack(0x0000007436100000,0x0000007436600000)]
  0x00000236483d8000 JavaThread "pool-8-thread-1" [_thread_blocked, id=5944, stack(0x0000007436b00000,0x0000007437000000)]
  0x000002362a024000 JavaThread "SyntheticaAnimation 50" daemon [_thread_blocked, id=11376, stack(0x0000007437000000,0x0000007437500000)]
  0x000002362a028000 JavaThread "ForkJoinPool.commonPool-worker-23" daemon [_thread_blocked, id=16028, stack(0x0000007433900000,0x0000007433e00000)]
  0x00000236483dc000 JavaThread "ForkJoinPool.commonPool-worker-27" daemon [_thread_blocked, id=15424, stack(0x0000007437500000,0x0000007437a00000)]
  0x00000236230d0800 JavaThread "ForkJoinPool.commonPool-worker-13" daemon [_thread_blocked, id=9388, stack(0x000000742d300000,0x000000742d800000)]
  0x00000236483d3000 JavaThread "ForkJoinPool.commonPool-worker-31" daemon [_thread_blocked, id=2720, stack(0x0000007437f00000,0x0000007438400000)]
  0x00000236483d4800 JavaThread "ForkJoinPool.commonPool-worker-17" daemon [_thread_blocked, id=7304, stack(0x0000007439300000,0x0000007439800000)]
  0x00000236483db000 JavaThread "ForkJoinPool.commonPool-worker-3" daemon [_thread_blocked, id=12604, stack(0x0000007438e00000,0x0000007439300000)]
  0x00000236230d2800 JavaThread "SyntheticaAnimation 50" daemon [_thread_blocked, id=6140, stack(0x000000743ac00000,0x000000743b100000)]
  0x00000236498e6800 JavaThread "ForkJoinPool.commonPool-worker-21" daemon [_thread_blocked, id=14660, stack(0x000000743bb00000,0x000000743c000000)]
  0x00000236498e7000 JavaThread "ForkJoinPool.commonPool-worker-7" daemon [_thread_blocked, id=2772, stack(0x000000742ec00000,0x000000742f100000)]
  0x00000236d308d000 JavaThread "Swing-Shell" daemon [_thread_blocked, id=12284, stack(0x0000007436600000,0x0000007436b00000)]
  0x00000236d3089800 JavaThread "Timer-6" [_thread_blocked, id=11404, stack(0x0000007439d00000,0x000000743a200000)]
  0x00000236d3093800 JavaThread "Monitor File Timestamp Swing Worker Thread" [_thread_blocked, id=9412, stack(0x000000743a200000,0x000000743a700000)]
  0x00000236d3095000 JavaThread "Thread-1592" [_thread_in_native, id=5556, stack(0x000000742d900000,0x000000742da00000)]
  0x00000236d3096000 JavaThread "ForkJoinPool.commonPool-worker-29" daemon [_thread_blocked, id=4084, stack(0x0000007438400000,0x0000007438900000)]
  0x00000236d3091000 JavaThread "ForkJoinPool.commonPool-worker-1" daemon [_thread_blocked, id=12840, stack(0x0000007437a00000,0x0000007437f00000)]
  0x00000236d308f800 JavaThread "ForkJoinPool.commonPool-worker-15" daemon [_thread_blocked, id=8988, stack(0x0000007438900000,0x0000007438e00000)]
  0x00000236d3090000 JavaThread "ForkJoinPool.commonPool-worker-5" daemon [_thread_blocked, id=9640, stack(0x0000007439800000,0x0000007439d00000)]
  0x00000236d3096800 JavaThread "ForkJoinPool.commonPool-worker-9" daemon [_thread_blocked, id=11812, stack(0x000000743a700000,0x000000743ac00000)]
  0x00000236d309a800 JavaThread "ForkJoinPool.commonPool-worker-25" daemon [_thread_blocked, id=14172, stack(0x000000743b100000,0x000000743b600000)]
  0x00000236d3098000 JavaThread "Image Animator 0" daemon [_thread_blocked, id=14116, stack(0x000000743b600000,0x000000743bb00000)]
  0x00000236d30a7800 JavaThread "Remove Sources Thread" [_thread_blocked, id=9700, stack(0x000000743c000000,0x000000743c500000)]

Other Threads:
  0x0000023658098000 VMThread "VM Thread" [stack: 0x0000007428a00000,0x0000007428b00000] [id=15624]
  0x00000236231d2000 WatcherThread [stack: 0x000000742b300000,0x000000742b400000] [id=7488]
  0x0000023657a0d800 GCTaskThread "GC Thread#0" [stack: 0x0000007428500000,0x0000007428600000] [id=8272]
  0x0000023625bd9800 GCTaskThread "GC Thread#1" [stack: 0x000000742c700000,0x000000742c800000] [id=11296]
  0x000002362601d000 GCTaskThread "GC Thread#2" [stack: 0x000000742c800000,0x000000742c900000] [id=12316]
  0x0000023625bea800 GCTaskThread "GC Thread#3" [stack: 0x000000742c900000,0x000000742ca00000] [id=1280]
  0x0000023625e94000 GCTaskThread "GC Thread#4" [stack: 0x000000742ca00000,0x000000742cb00000] [id=14592]
  0x0000023625e95000 GCTaskThread "GC Thread#5" [stack: 0x000000742cb00000,0x000000742cc00000] [id=6084]
  0x0000023629416000 GCTaskThread "GC Thread#6" [stack: 0x0000007428300000,0x0000007428400000] [id=4076]
  0x0000023629848800 GCTaskThread "GC Thread#7" [stack: 0x000000742f100000,0x000000742f200000] [id=11968]
  0x0000023629849800 GCTaskThread "GC Thread#8" [stack: 0x000000742f200000,0x000000742f300000] [id=16340]
  0x0000023629412000 GCTaskThread "GC Thread#9" [stack: 0x000000742f300000,0x000000742f400000] [id=11060]
  0x0000023636e6b800 GCTaskThread "GC Thread#10" [stack: 0x000000742b700000,0x000000742b800000] [id=15844]
  0x0000023637b5b000 GCTaskThread "GC Thread#11" [stack: 0x000000742d800000,0x000000742d900000] [id=5804]
  0x000002362ded9800 GCTaskThread "GC Thread#12" [stack: 0x0000007430b00000,0x0000007430c00000] [id=14788]
  0x0000023657e78000 ConcurrentGCThread "G1 Main Marker" [stack: 0x0000007428600000,0x0000007428700000] [id=15820]
  0x0000023657e79800 ConcurrentGCThread "G1 Conc#0" [stack: 0x0000007428700000,0x0000007428800000] [id=11540]
  0x00000236264fe800 ConcurrentGCThread "G1 Conc#1" [stack: 0x000000742db00000,0x000000742dc00000] [id=4016]
  0x00000236264ff800 ConcurrentGCThread "G1 Conc#2" [stack: 0x000000742dc00000,0x000000742dd00000] [id=4268]
  0x0000023657f76800 ConcurrentGCThread "G1 Refine#0" [stack: 0x0000007428800000,0x0000007428900000] [id=1192]
  0x000002362607f000 ConcurrentGCThread "G1 Refine#1" [stack: 0x000000742cc00000,0x000000742cd00000] [id=3240]
  0x0000023625f27000 ConcurrentGCThread "G1 Refine#2" [stack: 0x000000742cd00000,0x000000742ce00000] [id=7988]
  0x0000023657f7a000 ConcurrentGCThread "G1 Young RemSet Sampling" [stack: 0x0000007428900000,0x0000007428a00000] [id=1212]

Threads with active compile tasks:

VM state:not at safepoint (normal execution)

VM Mutex/Monitor currently owned by a thread: None

Heap address: 0x0000000740000000, size: 3072 MB, Compressed Oops mode: Zero based, Oop shift amount: 3
Narrow klass base: 0x0000000800000000, Narrow klass shift: 0
Compressed class space size: 1073741824 Address: 0x0000000800000000

Heap:
 garbage-first heap   total 262144K, used 196055K [0x0000000740000000, 0x0000000800000000)
  region size 1024K, 55 young (56320K), 4 survivors (4096K)
 Metaspace       used 128923K, capacity 132178K, committed 132252K, reserved 1163264K
  class space    used 16949K, capacity 18389K, committed 18432K, reserved 1048576K
Heap Regions: E=young(eden), S=young(survivor), O=old, HS=humongous(starts), HC=humongous(continues), CS=collection set, F=free, A=archive, TAMS=top-at-mark-start (previous, next)
|   0|0x0000000740000000, 0x0000000740100000, 0x0000000740100000|100%|HS|  |TAMS 0x0000000740100000, 0x0000000740000000| Complete 
|   1|0x0000000740100000, 0x0000000740200000, 0x0000000740200000|100%|HC|  |TAMS 0x0000000740200000, 0x0000000740100000| Complete 
|   2|0x0000000740200000, 0x0000000740300000, 0x0000000740300000|100%|HS|  |TAMS 0x0000000740300000, 0x0000000740200000| Complete 
|   3|0x0000000740300000, 0x00000007403ffff0, 0x0000000740400000| 99%| O|  |TAMS 0x00000007403ffff0, 0x0000000740300000| Untracked 
|   4|0x0000000740400000, 0x0000000740500000, 0x0000000740500000|100%| O|  |TAMS 0x0000000740500000, 0x0000000740400000| Untracked 
|   5|0x0000000740500000, 0x00000007405ffff8, 0x0000000740600000| 99%| O|  |TAMS 0x00000007405ffff8, 0x0000000740500000| Untracked 
|   6|0x0000000740600000, 0x0000000740700000, 0x0000000740700000|100%| O|  |TAMS 0x0000000740700000, 0x0000000740600000| Untracked 
|   7|0x0000000740700000, 0x00000007407ffff8, 0x0000000740800000| 99%| O|  |TAMS 0x00000007407ffff8, 0x0000000740700000| Untracked 
|   8|0x0000000740800000, 0x00000007408fffe8, 0x0000000740900000| 99%| O|  |TAMS 0x00000007408fffe8, 0x0000000740800000| Untracked 
|   9|0x0000000740900000, 0x0000000740a00000, 0x0000000740a00000|100%| O|  |TAMS 0x0000000740a00000, 0x0000000740900000| Untracked 
|  10|0x0000000740a00000, 0x0000000740affff8, 0x0000000740b00000| 99%| O|  |TAMS 0x0000000740affff8, 0x0000000740a00000| Untracked 
|  11|0x0000000740b00000, 0x0000000740bfffe8, 0x0000000740c00000| 99%| O|  |TAMS 0x0000000740bfffe8, 0x0000000740b00000| Untracked 
|  12|0x0000000740c00000, 0x0000000740d00000, 0x0000000740d00000|100%| O|  |TAMS 0x0000000740d00000, 0x0000000740c00000| Untracked 
|  13|0x0000000740d00000, 0x0000000740e00000, 0x0000000740e00000|100%| O|  |TAMS 0x0000000740e00000, 0x0000000740d00000| Untracked 
|  14|0x0000000740e00000, 0x0000000740efffd0, 0x0000000740f00000| 99%| O|  |TAMS 0x0000000740efffd0, 0x0000000740e00000| Untracked 
|  15|0x0000000740f00000, 0x0000000740fffff0, 0x0000000741000000| 99%| O|  |TAMS 0x0000000740fffff0, 0x0000000740f00000| Untracked 
|  16|0x0000000741000000, 0x00000007410ffff0, 0x0000000741100000| 99%| O|  |TAMS 0x00000007410ffff0, 0x0000000741000000| Untracked 
|  17|0x0000000741100000, 0x00000007411ffff8, 0x0000000741200000| 99%| O|  |TAMS 0x00000007411ffff8, 0x0000000741100000| Untracked 
|  18|0x0000000741200000, 0x0000000741300000, 0x0000000741300000|100%| O|  |TAMS 0x0000000741300000, 0x0000000741200000| Untracked 
|  19|0x0000000741300000, 0x00000007413fffe0, 0x0000000741400000| 99%| O|  |TAMS 0x00000007413fffe0, 0x0000000741300000| Untracked 
|  20|0x0000000741400000, 0x00000007414ff9d8, 0x0000000741500000| 99%| O|  |TAMS 0x00000007414ff9d8, 0x0000000741400000| Untracked 
|  21|0x0000000741500000, 0x00000007415ff510, 0x0000000741600000| 99%| O|  |TAMS 0x00000007415ff510, 0x0000000741500000| Untracked 
|  22|0x0000000741600000, 0x00000007416fff48, 0x0000000741700000| 99%| O|  |TAMS 0x00000007416fff48, 0x0000000741600000| Untracked 
|  23|0x0000000741700000, 0x0000000741800000, 0x0000000741800000|100%| O|  |TAMS 0x0000000741800000, 0x0000000741700000| Untracked 
|  24|0x0000000741800000, 0x00000007418ffff0, 0x0000000741900000| 99%| O|  |TAMS 0x00000007418ffff0, 0x0000000741800000| Untracked 
|  25|0x0000000741900000, 0x00000007419ffff0, 0x0000000741a00000| 99%| O|  |TAMS 0x00000007419ffff0, 0x0000000741900000| Untracked 
|  26|0x0000000741a00000, 0x0000000741afffe0, 0x0000000741b00000| 99%| O|  |TAMS 0x0000000741afffe0, 0x0000000741a00000| Untracked 
|  27|0x0000000741b00000, 0x0000000741bffff0, 0x0000000741c00000| 99%| O|  |TAMS 0x0000000741bffff0, 0x0000000741b00000| Untracked 
|  28|0x0000000741c00000, 0x0000000741d00000, 0x0000000741d00000|100%| O|  |TAMS 0x0000000741d00000, 0x0000000741c00000| Untracked 
|  29|0x0000000741d00000, 0x0000000741dffff8, 0x0000000741e00000| 99%| O|  |TAMS 0x0000000741dffff8, 0x0000000741d00000| Untracked 
|  30|0x0000000741e00000, 0x0000000741f00000, 0x0000000741f00000|100%| O|  |TAMS 0x0000000741f00000, 0x0000000741e00000| Untracked 
|  31|0x0000000741f00000, 0x0000000741ffffd0, 0x0000000742000000| 99%| O|  |TAMS 0x0000000741ffffd0, 0x0000000741f00000| Untracked 
|  32|0x0000000742000000, 0x00000007420ffff8, 0x0000000742100000| 99%| O|  |TAMS 0x00000007420ffff8, 0x0000000742000000| Untracked 
|  33|0x0000000742100000, 0x00000007421fff08, 0x0000000742200000| 99%| O|  |TAMS 0x00000007421fff08, 0x0000000742100000| Untracked 
|  34|0x0000000742200000, 0x00000007422fffd8, 0x0000000742300000| 99%| O|  |TAMS 0x00000007422fffd8, 0x0000000742200000| Untracked 
|  35|0x0000000742300000, 0x00000007423ffff0, 0x0000000742400000| 99%| O|  |TAMS 0x00000007423ffff0, 0x0000000742300000| Untracked 
|  36|0x0000000742400000, 0x00000007424ffff0, 0x0000000742500000| 99%| O|  |TAMS 0x00000007424ffff0, 0x0000000742400000| Untracked 
|  37|0x0000000742500000, 0x0000000742600000, 0x0000000742600000|100%| O|  |TAMS 0x0000000742600000, 0x0000000742500000| Untracked 
|  38|0x0000000742600000, 0x00000007426fffb8, 0x0000000742700000| 99%| O|  |TAMS 0x00000007426fffb8, 0x0000000742600000| Untracked 
|  39|0x0000000742700000, 0x00000007427fff40, 0x0000000742800000| 99%| O|  |TAMS 0x00000007427fff40, 0x0000000742700000| Untracked 
|  40|0x0000000742800000, 0x00000007428ffff8, 0x0000000742900000| 99%| O|  |TAMS 0x00000007428ffff8, 0x0000000742800000| Untracked 
|  41|0x0000000742900000, 0x00000007429ffff0, 0x0000000742a00000| 99%| O|  |TAMS 0x00000007429ffff0, 0x0000000742900000| Untracked 
|  42|0x0000000742a00000, 0x0000000742afffd0, 0x0000000742b00000| 99%| O|  |TAMS 0x0000000742afffd0, 0x0000000742a00000| Untracked 
|  43|0x0000000742b00000, 0x0000000742c00000, 0x0000000742c00000|100%|HS|  |TAMS 0x0000000742c00000, 0x0000000742b00000| Complete 
|  44|0x0000000742c00000, 0x0000000742d00000, 0x0000000742d00000|100%|HC|  |TAMS 0x0000000742d00000, 0x0000000742c00000| Complete 
|  45|0x0000000742d00000, 0x0000000742e00000, 0x0000000742e00000|100%|HC|  |TAMS 0x0000000742e00000, 0x0000000742d00000| Complete 
|  46|0x0000000742e00000, 0x0000000742f00000, 0x0000000742f00000|100%|HC|  |TAMS 0x0000000742f00000, 0x0000000742e00000| Complete 
|  47|0x0000000742f00000, 0x0000000743000000, 0x0000000743000000|100%|HC|  |TAMS 0x0000000743000000, 0x0000000742f00000| Complete 
|  48|0x0000000743000000, 0x0000000743100000, 0x0000000743100000|100%|HC|  |TAMS 0x0000000743100000, 0x0000000743000000| Complete 
|  49|0x0000000743100000, 0x0000000743200000, 0x0000000743200000|100%|HC|  |TAMS 0x0000000743200000, 0x0000000743100000| Complete 
|  50|0x0000000743200000, 0x0000000743300000, 0x0000000743300000|100%|HC|  |TAMS 0x0000000743300000, 0x0000000743200000| Complete 
|  51|0x0000000743300000, 0x00000007433fdf28, 0x0000000743400000| 99%| O|  |TAMS 0x00000007433fdf28, 0x0000000743300000| Untracked 
|  52|0x0000000743400000, 0x00000007434ffec8, 0x0000000743500000| 99%| O|  |TAMS 0x00000007434ffec8, 0x0000000743400000| Untracked 
|  53|0x0000000743500000, 0x0000000743600000, 0x0000000743600000|100%| O|  |TAMS 0x0000000743600000, 0x0000000743500000| Untracked 
|  54|0x0000000743600000, 0x00000007436fffd0, 0x0000000743700000| 99%| O|  |TAMS 0x00000007436fffd0, 0x0000000743600000| Untracked 
|  55|0x0000000743700000, 0x0000000743800000, 0x0000000743800000|100%| O|  |TAMS 0x0000000743800000, 0x0000000743700000| Untracked 
|  56|0x0000000743800000, 0x0000000743900000, 0x0000000743900000|100%| O|  |TAMS 0x0000000743900000, 0x0000000743800000| Untracked 
|  57|0x0000000743900000, 0x00000007439ff848, 0x0000000743a00000| 99%| O|  |TAMS 0x00000007439ff848, 0x0000000743900000| Untracked 
|  58|0x0000000743a00000, 0x0000000743affff8, 0x0000000743b00000| 99%| O|  |TAMS 0x0000000743affff8, 0x0000000743a00000| Untracked 
|  59|0x0000000743b00000, 0x0000000743c00000, 0x0000000743c00000|100%| O|  |TAMS 0x0000000743c00000, 0x0000000743b00000| Untracked 
|  60|0x0000000743c00000, 0x0000000743d00000, 0x0000000743d00000|100%| O|  |TAMS 0x0000000743d00000, 0x0000000743c00000| Untracked 
|  61|0x0000000743d00000, 0x0000000743dff150, 0x0000000743e00000| 99%| O|  |TAMS 0x0000000743dff150, 0x0000000743d00000| Untracked 
|  62|0x0000000743e00000, 0x0000000743efff48, 0x0000000743f00000| 99%| O|  |TAMS 0x0000000743efff48, 0x0000000743e00000| Untracked 
|  63|0x0000000743f00000, 0x0000000743ffee28, 0x0000000744000000| 99%| O|  |TAMS 0x0000000743ffee28, 0x0000000743f00000| Untracked 
|  64|0x0000000744000000, 0x00000007440fffd0, 0x0000000744100000| 99%| O|  |TAMS 0x00000007440fffd0, 0x0000000744000000| Untracked 
|  65|0x0000000744100000, 0x00000007441fffe0, 0x0000000744200000| 99%| O|  |TAMS 0x00000007441fffe0, 0x0000000744100000| Untracked 
|  66|0x0000000744200000, 0x00000007442ffac8, 0x0000000744300000| 99%| O|  |TAMS 0x00000007442ffac8, 0x0000000744200000| Untracked 
|  67|0x0000000744300000, 0x0000000744400000, 0x0000000744400000|100%| O|  |TAMS 0x0000000744400000, 0x0000000744300000| Untracked 
|  68|0x0000000744400000, 0x0000000744500000, 0x0000000744500000|100%| O|  |TAMS 0x0000000744500000, 0x0000000744400000| Untracked 
|  69|0x0000000744500000, 0x00000007445fff78, 0x0000000744600000| 99%| O|  |TAMS 0x00000007445fff78, 0x0000000744500000| Untracked 
|  70|0x0000000744600000, 0x00000007446ffef8, 0x0000000744700000| 99%| O|  |TAMS 0x00000007446ffef8, 0x0000000744600000| Untracked 
|  71|0x0000000744700000, 0x00000007447fffe8, 0x0000000744800000| 99%| O|  |TAMS 0x00000007447fffe8, 0x0000000744700000| Untracked 
|  72|0x0000000744800000, 0x00000007448ffff8, 0x0000000744900000| 99%| O|  |TAMS 0x00000007448ffff8, 0x0000000744800000| Untracked 
|  73|0x0000000744900000, 0x00000007449ffff8, 0x0000000744a00000| 99%| O|  |TAMS 0x00000007449ffff8, 0x0000000744900000| Untracked 
|  74|0x0000000744a00000, 0x0000000744affcb8, 0x0000000744b00000| 99%| O|  |TAMS 0x0000000744affcb8, 0x0000000744a00000| Untracked 
|  75|0x0000000744b00000, 0x0000000744c00000, 0x0000000744c00000|100%| O|  |TAMS 0x0000000744c00000, 0x0000000744b00000| Untracked 
|  76|0x0000000744c00000, 0x0000000744cfff08, 0x0000000744d00000| 99%| O|  |TAMS 0x0000000744cfff08, 0x0000000744c00000| Untracked 
|  77|0x0000000744d00000, 0x0000000744dfe5c0, 0x0000000744e00000| 99%| O|  |TAMS 0x0000000744dfe5c0, 0x0000000744d00000| Untracked 
|  78|0x0000000744e00000, 0x0000000744effe40, 0x0000000744f00000| 99%| O|  |TAMS 0x0000000744effe40, 0x0000000744e00000| Untracked 
|  79|0x0000000744f00000, 0x0000000744ffff80, 0x0000000745000000| 99%| O|  |TAMS 0x0000000744ffff80, 0x0000000744f00000| Untracked 
|  80|0x0000000745000000, 0x0000000745100000, 0x0000000745100000|100%| O|  |TAMS 0x0000000745100000, 0x0000000745000000| Untracked 
|  81|0x0000000745100000, 0x00000007451fffd0, 0x0000000745200000| 99%| O|  |TAMS 0x00000007451fffd0, 0x0000000745100000| Untracked 
|  82|0x0000000745200000, 0x0000000745300000, 0x0000000745300000|100%| O|  |TAMS 0x0000000745300000, 0x0000000745200000| Untracked 
|  83|0x0000000745300000, 0x00000007453ffff8, 0x0000000745400000| 99%| O|  |TAMS 0x00000007453ffff8, 0x0000000745300000| Untracked 
|  84|0x0000000745400000, 0x00000007454fffe8, 0x0000000745500000| 99%| O|  |TAMS 0x00000007454fffe8, 0x0000000745400000| Untracked 
|  85|0x0000000745500000, 0x00000007455ffff0, 0x0000000745600000| 99%| O|  |TAMS 0x00000007455ffff0, 0x0000000745500000| Untracked 
|  86|0x0000000745600000, 0x00000007456ffee8, 0x0000000745700000| 99%| O|  |TAMS 0x00000007456ffee8, 0x0000000745600000| Untracked 
|  87|0x0000000745700000, 0x0000000745800000, 0x0000000745800000|100%| O|  |TAMS 0x0000000745800000, 0x0000000745700000| Untracked 
|  88|0x0000000745800000, 0x00000007458ffcd0, 0x0000000745900000| 99%| O|  |TAMS 0x00000007458ffcd0, 0x0000000745800000| Untracked 
|  89|0x0000000745900000, 0x00000007459ffff0, 0x0000000745a00000| 99%| O|  |TAMS 0x00000007459ffff0, 0x0000000745900000| Untracked 
|  90|0x0000000745a00000, 0x0000000745afedd8, 0x0000000745b00000| 99%| O|  |TAMS 0x0000000745afedd8, 0x0000000745a00000| Untracked 
|  91|0x0000000745b00000, 0x0000000745c00000, 0x0000000745c00000|100%| O|  |TAMS 0x0000000745ba2800, 0x0000000745b00000| Untracked 
|  92|0x0000000745c00000, 0x0000000745d00000, 0x0000000745d00000|100%| O|  |TAMS 0x0000000745d00000, 0x0000000745c00000| Untracked 
|  93|0x0000000745d00000, 0x0000000745dffff8, 0x0000000745e00000| 99%| O|  |TAMS 0x0000000745dffff8, 0x0000000745d00000| Untracked 
|  94|0x0000000745e00000, 0x0000000745f00000, 0x0000000745f00000|100%| O|  |TAMS 0x0000000745e00000, 0x0000000745e00000| Untracked 
|  95|0x0000000745f00000, 0x0000000746000000, 0x0000000746000000|100%| O|  |TAMS 0x0000000745f00000, 0x0000000745f00000| Untracked 
|  96|0x0000000746000000, 0x0000000746100000, 0x0000000746100000|100%| O|  |TAMS 0x0000000746000000, 0x0000000746000000| Untracked 
|  97|0x0000000746100000, 0x00000007461ff900, 0x0000000746200000| 99%| O|  |TAMS 0x00000007461ff900, 0x0000000746100000| Untracked 
|  98|0x0000000746200000, 0x0000000746300000, 0x0000000746300000|100%| O|  |TAMS 0x0000000746200000, 0x0000000746200000| Untracked 
|  99|0x0000000746300000, 0x0000000746400000, 0x0000000746400000|100%| O|  |TAMS 0x0000000746300000, 0x0000000746300000| Untracked 
| 100|0x0000000746400000, 0x0000000746500000, 0x0000000746500000|100%| O|  |TAMS 0x0000000746400000, 0x0000000746400000| Untracked 
| 101|0x0000000746500000, 0x0000000746600000, 0x0000000746600000|100%| O|  |TAMS 0x0000000746500000, 0x0000000746500000| Untracked 
| 102|0x0000000746600000, 0x0000000746700000, 0x0000000746700000|100%| O|  |TAMS 0x0000000746600000, 0x0000000746600000| Untracked 
| 103|0x0000000746700000, 0x0000000746800000, 0x0000000746800000|100%| O|  |TAMS 0x0000000746700000, 0x0000000746700000| Untracked 
| 104|0x0000000746800000, 0x0000000746900000, 0x0000000746900000|100%| O|  |TAMS 0x0000000746900000, 0x0000000746800000| Untracked 
| 105|0x0000000746900000, 0x0000000746a00000, 0x0000000746a00000|100%| O|  |TAMS 0x0000000746900000, 0x0000000746900000| Untracked 
| 106|0x0000000746a00000, 0x0000000746b00000, 0x0000000746b00000|100%| O|  |TAMS 0x0000000746a00000, 0x0000000746a00000| Untracked 
| 107|0x0000000746b00000, 0x0000000746bfffe8, 0x0000000746c00000| 99%| O|  |TAMS 0x0000000746bfffe8, 0x0000000746b00000| Untracked 
| 108|0x0000000746c00000, 0x0000000746d00000, 0x0000000746d00000|100%| O|  |TAMS 0x0000000746c00000, 0x0000000746c00000| Untracked 
| 109|0x0000000746d00000, 0x0000000746dfffc8, 0x0000000746e00000| 99%| O|  |TAMS 0x0000000746dfffc8, 0x0000000746d00000| Untracked 
| 110|0x0000000746e00000, 0x0000000746f00000, 0x0000000746f00000|100%| O|  |TAMS 0x0000000746f00000, 0x0000000746e00000| Untracked 
| 111|0x0000000746f00000, 0x0000000746fffff8, 0x0000000747000000| 99%| O|  |TAMS 0x0000000746fffff8, 0x0000000746f00000| Untracked 
| 112|0x0000000747000000, 0x00000007470fe2e8, 0x0000000747100000| 99%| O|  |TAMS 0x00000007470fe2e8, 0x0000000747000000| Untracked 
| 113|0x0000000747100000, 0x00000007471ffff8, 0x0000000747200000| 99%| O|  |TAMS 0x00000007471ffff8, 0x0000000747100000| Untracked 
| 114|0x0000000747200000, 0x0000000747300000, 0x0000000747300000|100%| O|  |TAMS 0x0000000747300000, 0x0000000747200000| Untracked 
| 115|0x0000000747300000, 0x00000007473ffff8, 0x0000000747400000| 99%| O|  |TAMS 0x00000007473ffff8, 0x0000000747300000| Untracked 
| 116|0x0000000747400000, 0x0000000747500000, 0x0000000747500000|100%| O|  |TAMS 0x0000000747400000, 0x0000000747400000| Untracked 
| 117|0x0000000747500000, 0x00000007475fffe8, 0x0000000747600000| 99%| O|  |TAMS 0x00000007475fffe8, 0x0000000747500000| Untracked 
| 118|0x0000000747600000, 0x00000007476ffff0, 0x0000000747700000| 99%| O|  |TAMS 0x00000007476ffff0, 0x0000000747600000| Untracked 
| 119|0x0000000747700000, 0x00000007477ffff0, 0x0000000747800000| 99%| O|  |TAMS 0x00000007477ffff0, 0x0000000747700000| Untracked 
| 120|0x0000000747800000, 0x000000074788e6d8, 0x0000000747900000| 55%| O|  |TAMS 0x000000074788e6d8, 0x0000000747800000| Untracked 
| 121|0x0000000747900000, 0x0000000747a00000, 0x0000000747a00000|100%| O|  |TAMS 0x0000000747a00000, 0x0000000747900000| Untracked 
| 122|0x0000000747a00000, 0x0000000747affff0, 0x0000000747b00000| 99%| O|  |TAMS 0x0000000747affff0, 0x0000000747a00000| Untracked 
| 123|0x0000000747b00000, 0x0000000747b6e870, 0x0000000747c00000| 43%| O|  |TAMS 0x0000000747b6e870, 0x0000000747b00000| Untracked 
| 124|0x0000000747c00000, 0x0000000747c6f808, 0x0000000747d00000| 43%| O|  |TAMS 0x0000000747c6f808, 0x0000000747c00000| Untracked 
| 125|0x0000000747d00000, 0x0000000747dffff8, 0x0000000747e00000| 99%| O|  |TAMS 0x0000000747dffff8, 0x0000000747d00000| Untracked 
| 126|0x0000000747e00000, 0x0000000747ea9068, 0x0000000747f00000| 66%| O|  |TAMS 0x0000000747ea9068, 0x0000000747e00000| Untracked 
| 127|0x0000000747f00000, 0x0000000747f996e8, 0x0000000748000000| 59%| O|  |TAMS 0x0000000747f996e8, 0x0000000747f00000| Untracked 
| 128|0x0000000748000000, 0x00000007480520a0, 0x0000000748100000| 32%| O|  |TAMS 0x00000007480520a0, 0x0000000748000000| Untracked 
| 129|0x0000000748100000, 0x0000000748200000, 0x0000000748200000|100%| O|  |TAMS 0x0000000748100000, 0x0000000748100000| Untracked 
| 130|0x0000000748200000, 0x0000000748300000, 0x0000000748300000|100%| O|  |TAMS 0x0000000748200000, 0x0000000748200000| Untracked 
| 131|0x0000000748300000, 0x0000000748400000, 0x0000000748400000|100%| O|  |TAMS 0x0000000748300000, 0x0000000748300000| Untracked 
| 132|0x0000000748400000, 0x00000007484bab50, 0x0000000748500000| 72%| O|  |TAMS 0x00000007484bab50, 0x0000000748400000| Untracked 
| 133|0x0000000748500000, 0x0000000748600000, 0x0000000748600000|100%| O|  |TAMS 0x0000000748500000, 0x0000000748500000| Untracked 
| 134|0x0000000748600000, 0x0000000748700000, 0x0000000748700000|100%| O|  |TAMS 0x0000000748600000, 0x0000000748600000| Untracked 
| 135|0x0000000748700000, 0x00000007487b5f70, 0x0000000748800000| 71%| O|  |TAMS 0x00000007487b5f70, 0x0000000748700000| Untracked 
| 136|0x0000000748800000, 0x0000000748900000, 0x0000000748900000|100%| O|  |TAMS 0x0000000748800000, 0x0000000748800000| Untracked 
| 137|0x0000000748900000, 0x0000000748a00000, 0x0000000748a00000|100%| O|  |TAMS 0x0000000748900000, 0x0000000748900000| Untracked 
| 138|0x0000000748a00000, 0x0000000748b00000, 0x0000000748b00000|100%| O|  |TAMS 0x0000000748a00000, 0x0000000748a00000| Untracked 
| 139|0x0000000748b00000, 0x0000000748c00000, 0x0000000748c00000|100%| O|  |TAMS 0x0000000748b00000, 0x0000000748b00000| Untracked 
| 140|0x0000000748c00000, 0x0000000748cfba00, 0x0000000748d00000| 98%| O|  |TAMS 0x0000000748c00000, 0x0000000748c00000| Untracked 
| 141|0x0000000748d00000, 0x0000000748d00000, 0x0000000748e00000|  0%| F|  |TAMS 0x0000000748d00000, 0x0000000748d00000| Untracked 
| 142|0x0000000748e00000, 0x0000000748f00000, 0x0000000748f00000|100%|HS|  |TAMS 0x0000000748f00000, 0x0000000748e00000| Untracked 
| 143|0x0000000748f00000, 0x0000000748f00000, 0x0000000749000000|  0%| F|  |TAMS 0x0000000748f00000, 0x0000000748f00000| Untracked 
| 144|0x0000000749000000, 0x0000000749000000, 0x0000000749100000|  0%| F|  |TAMS 0x0000000749000000, 0x0000000749000000| Untracked 
| 145|0x0000000749100000, 0x0000000749100000, 0x0000000749200000|  0%| F|  |TAMS 0x0000000749100000, 0x0000000749100000| Untracked 
| 146|0x0000000749200000, 0x0000000749200000, 0x0000000749300000|  0%| F|  |TAMS 0x0000000749200000, 0x0000000749200000| Untracked 
| 147|0x0000000749300000, 0x0000000749300000, 0x0000000749400000|  0%| F|  |TAMS 0x0000000749300000, 0x0000000749300000| Untracked 
| 148|0x0000000749400000, 0x0000000749400000, 0x0000000749500000|  0%| F|  |TAMS 0x0000000749400000, 0x0000000749400000| Untracked 
| 149|0x0000000749500000, 0x0000000749500000, 0x0000000749600000|  0%| F|  |TAMS 0x0000000749500000, 0x0000000749500000| Untracked 
| 150|0x0000000749600000, 0x0000000749600000, 0x0000000749700000|  0%| F|  |TAMS 0x0000000749600000, 0x0000000749600000| Untracked 
| 151|0x0000000749700000, 0x0000000749700000, 0x0000000749800000|  0%| F|  |TAMS 0x0000000749700000, 0x0000000749700000| Untracked 
| 152|0x0000000749800000, 0x0000000749800000, 0x0000000749900000|  0%| F|  |TAMS 0x0000000749800000, 0x0000000749800000| Untracked 
| 153|0x0000000749900000, 0x0000000749900000, 0x0000000749a00000|  0%| F|  |TAMS 0x0000000749900000, 0x0000000749900000| Untracked 
| 154|0x0000000749a00000, 0x0000000749a00000, 0x0000000749b00000|  0%| F|  |TAMS 0x0000000749a00000, 0x0000000749a00000| Untracked 
| 155|0x0000000749b00000, 0x0000000749b00000, 0x0000000749c00000|  0%| F|  |TAMS 0x0000000749b00000, 0x0000000749b00000| Untracked 
| 156|0x0000000749c00000, 0x0000000749c00000, 0x0000000749d00000|  0%| F|  |TAMS 0x0000000749c00000, 0x0000000749c00000| Untracked 
| 157|0x0000000749d00000, 0x0000000749d00000, 0x0000000749e00000|  0%| F|  |TAMS 0x0000000749d00000, 0x0000000749d00000| Untracked 
| 158|0x0000000749e00000, 0x0000000749e00000, 0x0000000749f00000|  0%| F|  |TAMS 0x0000000749e00000, 0x0000000749e00000| Untracked 
| 159|0x0000000749f00000, 0x0000000749f00000, 0x000000074a000000|  0%| F|  |TAMS 0x0000000749f00000, 0x0000000749f00000| Untracked 
| 160|0x000000074a000000, 0x000000074a000000, 0x000000074a100000|  0%| F|  |TAMS 0x000000074a000000, 0x000000074a000000| Untracked 
| 161|0x000000074a100000, 0x000000074a100000, 0x000000074a200000|  0%| F|  |TAMS 0x000000074a100000, 0x000000074a100000| Untracked 
| 162|0x000000074a200000, 0x000000074a200000, 0x000000074a300000|  0%| F|  |TAMS 0x000000074a200000, 0x000000074a200000| Untracked 
| 163|0x000000074a300000, 0x000000074a300000, 0x000000074a400000|  0%| F|  |TAMS 0x000000074a300000, 0x000000074a300000| Untracked 
| 164|0x000000074a400000, 0x000000074a400000, 0x000000074a500000|  0%| F|  |TAMS 0x000000074a400000, 0x000000074a400000| Untracked 
| 165|0x000000074a500000, 0x000000074a500000, 0x000000074a600000|  0%| F|  |TAMS 0x000000074a500000, 0x000000074a500000| Untracked 
| 166|0x000000074a600000, 0x000000074a600000, 0x000000074a700000|  0%| F|  |TAMS 0x000000074a600000, 0x000000074a600000| Untracked 
| 167|0x000000074a700000, 0x000000074a700000, 0x000000074a800000|  0%| F|  |TAMS 0x000000074a700000, 0x000000074a700000| Untracked 
| 168|0x000000074a800000, 0x000000074a800000, 0x000000074a900000|  0%| F|  |TAMS 0x000000074a800000, 0x000000074a800000| Untracked 
| 169|0x000000074a900000, 0x000000074a900000, 0x000000074aa00000|  0%| F|  |TAMS 0x000000074a900000, 0x000000074a900000| Untracked 
| 170|0x000000074aa00000, 0x000000074aa00000, 0x000000074ab00000|  0%| F|  |TAMS 0x000000074aa00000, 0x000000074aa00000| Untracked 
| 171|0x000000074ab00000, 0x000000074ab00000, 0x000000074ac00000|  0%| F|  |TAMS 0x000000074ab00000, 0x000000074ab00000| Untracked 
| 172|0x000000074ac00000, 0x000000074ac00000, 0x000000074ad00000|  0%| F|  |TAMS 0x000000074ac00000, 0x000000074ac00000| Untracked 
| 173|0x000000074ad00000, 0x000000074ad00000, 0x000000074ae00000|  0%| F|  |TAMS 0x000000074ad00000, 0x000000074ad00000| Untracked 
| 174|0x000000074ae00000, 0x000000074ae00000, 0x000000074af00000|  0%| F|  |TAMS 0x000000074ae00000, 0x000000074ae00000| Untracked 
| 175|0x000000074af00000, 0x000000074af00000, 0x000000074b000000|  0%| F|  |TAMS 0x000000074af00000, 0x000000074af00000| Untracked 
| 176|0x000000074b000000, 0x000000074b000000, 0x000000074b100000|  0%| F|  |TAMS 0x000000074b000000, 0x000000074b000000| Untracked 
| 177|0x000000074b100000, 0x000000074b100000, 0x000000074b200000|  0%| F|  |TAMS 0x000000074b100000, 0x000000074b100000| Untracked 
| 178|0x000000074b200000, 0x000000074b200000, 0x000000074b300000|  0%| F|  |TAMS 0x000000074b200000, 0x000000074b200000| Untracked 
| 179|0x000000074b300000, 0x000000074b300000, 0x000000074b400000|  0%| F|  |TAMS 0x000000074b300000, 0x000000074b300000| Untracked 
| 180|0x000000074b400000, 0x000000074b400000, 0x000000074b500000|  0%| F|  |TAMS 0x000000074b400000, 0x000000074b400000| Untracked 
| 181|0x000000074b500000, 0x000000074b500000, 0x000000074b600000|  0%| F|  |TAMS 0x000000074b500000, 0x000000074b500000| Untracked 
| 182|0x000000074b600000, 0x000000074b600000, 0x000000074b700000|  0%| F|  |TAMS 0x000000074b600000, 0x000000074b600000| Untracked 
| 183|0x000000074b700000, 0x000000074b700000, 0x000000074b800000|  0%| F|  |TAMS 0x000000074b700000, 0x000000074b700000| Untracked 
| 184|0x000000074b800000, 0x000000074b800000, 0x000000074b900000|  0%| F|  |TAMS 0x000000074b800000, 0x000000074b800000| Untracked 
| 185|0x000000074b900000, 0x000000074b900000, 0x000000074ba00000|  0%| F|  |TAMS 0x000000074b900000, 0x000000074b900000| Untracked 
| 186|0x000000074ba00000, 0x000000074ba00000, 0x000000074bb00000|  0%| F|  |TAMS 0x000000074ba00000, 0x000000074ba00000| Untracked 
| 187|0x000000074bb00000, 0x000000074bb00000, 0x000000074bc00000|  0%| F|  |TAMS 0x000000074bb00000, 0x000000074bb00000| Untracked 
| 188|0x000000074bc00000, 0x000000074bc00000, 0x000000074bd00000|  0%| F|  |TAMS 0x000000074bc00000, 0x000000074bc00000| Untracked 
| 189|0x000000074bd00000, 0x000000074bd00000, 0x000000074be00000|  0%| F|  |TAMS 0x000000074bd00000, 0x000000074bd00000| Untracked 
| 190|0x000000074be00000, 0x000000074be00000, 0x000000074bf00000|  0%| F|  |TAMS 0x000000074be00000, 0x000000074be00000| Untracked 
| 191|0x000000074bf00000, 0x000000074bf00000, 0x000000074c000000|  0%| F|  |TAMS 0x000000074bf00000, 0x000000074bf00000| Untracked 
| 192|0x000000074c000000, 0x000000074c014fc0, 0x000000074c100000|  8%| S|CS|TAMS 0x000000074c000000, 0x000000074c000000| Complete 
| 193|0x000000074c100000, 0x000000074c200000, 0x000000074c200000|100%| S|CS|TAMS 0x000000074c100000, 0x000000074c100000| Complete 
| 194|0x000000074c200000, 0x000000074c300000, 0x000000074c300000|100%| S|CS|TAMS 0x000000074c200000, 0x000000074c200000| Complete 
| 195|0x000000074c300000, 0x000000074c400000, 0x000000074c400000|100%| S|CS|TAMS 0x000000074c300000, 0x000000074c300000| Complete 
| 196|0x000000074c400000, 0x000000074c400000, 0x000000074c500000|  0%| F|  |TAMS 0x000000074c400000, 0x000000074c400000| Untracked 
| 197|0x000000074c500000, 0x000000074c500000, 0x000000074c600000|  0%| F|  |TAMS 0x000000074c500000, 0x000000074c500000| Untracked 
| 198|0x000000074c600000, 0x000000074c600000, 0x000000074c700000|  0%| F|  |TAMS 0x000000074c600000, 0x000000074c600000| Untracked 
| 199|0x000000074c700000, 0x000000074c700000, 0x000000074c800000|  0%| F|  |TAMS 0x000000074c700000, 0x000000074c700000| Untracked 
| 200|0x000000074c800000, 0x000000074c800000, 0x000000074c900000|  0%| F|  |TAMS 0x000000074c800000, 0x000000074c800000| Untracked 
| 201|0x000000074c900000, 0x000000074c900000, 0x000000074ca00000|  0%| F|  |TAMS 0x000000074c900000, 0x000000074c900000| Untracked 
| 202|0x000000074ca00000, 0x000000074ca00000, 0x000000074cb00000|  0%| F|  |TAMS 0x000000074ca00000, 0x000000074ca00000| Untracked 
| 203|0x000000074cb00000, 0x000000074cb00000, 0x000000074cc00000|  0%| F|  |TAMS 0x000000074cb00000, 0x000000074cb00000| Untracked 
| 204|0x000000074cc00000, 0x000000074cc00000, 0x000000074cd00000|  0%| F|  |TAMS 0x000000074cc00000, 0x000000074cc00000| Untracked 
| 205|0x000000074cd00000, 0x000000074cd1c348, 0x000000074ce00000| 11%| E|  |TAMS 0x000000074cd00000, 0x000000074cd00000| Complete 
| 206|0x000000074ce00000, 0x000000074cf00000, 0x000000074cf00000|100%| E|CS|TAMS 0x000000074ce00000, 0x000000074ce00000| Complete 
| 207|0x000000074cf00000, 0x000000074d000000, 0x000000074d000000|100%| E|CS|TAMS 0x000000074cf00000, 0x000000074cf00000| Complete 
| 208|0x000000074d000000, 0x000000074d100000, 0x000000074d100000|100%| E|CS|TAMS 0x000000074d000000, 0x000000074d000000| Complete 
| 209|0x000000074d100000, 0x000000074d200000, 0x000000074d200000|100%| E|CS|TAMS 0x000000074d100000, 0x000000074d100000| Complete 
| 210|0x000000074d200000, 0x000000074d300000, 0x000000074d300000|100%| E|CS|TAMS 0x000000074d200000, 0x000000074d200000| Complete 
| 211|0x000000074d300000, 0x000000074d400000, 0x000000074d400000|100%| E|CS|TAMS 0x000000074d300000, 0x000000074d300000| Complete 
| 212|0x000000074d400000, 0x000000074d500000, 0x000000074d500000|100%| E|CS|TAMS 0x000000074d400000, 0x000000074d400000| Complete 
| 213|0x000000074d500000, 0x000000074d600000, 0x000000074d600000|100%| E|CS|TAMS 0x000000074d500000, 0x000000074d500000| Complete 
| 214|0x000000074d600000, 0x000000074d700000, 0x000000074d700000|100%| E|CS|TAMS 0x000000074d600000, 0x000000074d600000| Complete 
| 215|0x000000074d700000, 0x000000074d800000, 0x000000074d800000|100%| E|CS|TAMS 0x000000074d700000, 0x000000074d700000| Complete 
| 216|0x000000074d800000, 0x000000074d900000, 0x000000074d900000|100%| E|CS|TAMS 0x000000074d800000, 0x000000074d800000| Complete 
| 217|0x000000074d900000, 0x000000074da00000, 0x000000074da00000|100%| E|CS|TAMS 0x000000074d900000, 0x000000074d900000| Complete 
| 218|0x000000074da00000, 0x000000074db00000, 0x000000074db00000|100%| E|CS|TAMS 0x000000074da00000, 0x000000074da00000| Complete 
| 219|0x000000074db00000, 0x000000074dc00000, 0x000000074dc00000|100%| E|CS|TAMS 0x000000074db00000, 0x000000074db00000| Complete 
| 220|0x000000074dc00000, 0x000000074dd00000, 0x000000074dd00000|100%| E|CS|TAMS 0x000000074dc00000, 0x000000074dc00000| Complete 
| 221|0x000000074dd00000, 0x000000074de00000, 0x000000074de00000|100%| E|CS|TAMS 0x000000074dd00000, 0x000000074dd00000| Complete 
| 222|0x000000074de00000, 0x000000074df00000, 0x000000074df00000|100%| E|CS|TAMS 0x000000074de00000, 0x000000074de00000| Complete 
| 223|0x000000074df00000, 0x000000074e000000, 0x000000074e000000|100%| E|CS|TAMS 0x000000074df00000, 0x000000074df00000| Complete 
| 224|0x000000074e000000, 0x000000074e100000, 0x000000074e100000|100%| E|CS|TAMS 0x000000074e000000, 0x000000074e000000| Complete 
| 225|0x000000074e100000, 0x000000074e200000, 0x000000074e200000|100%| E|CS|TAMS 0x000000074e100000, 0x000000074e100000| Complete 
| 226|0x000000074e200000, 0x000000074e300000, 0x000000074e300000|100%| E|CS|TAMS 0x000000074e200000, 0x000000074e200000| Complete 
| 227|0x000000074e300000, 0x000000074e400000, 0x000000074e400000|100%| E|CS|TAMS 0x000000074e300000, 0x000000074e300000| Complete 
| 228|0x000000074e400000, 0x000000074e500000, 0x000000074e500000|100%| E|CS|TAMS 0x000000074e400000, 0x000000074e400000| Complete 
| 229|0x000000074e500000, 0x000000074e600000, 0x000000074e600000|100%| E|CS|TAMS 0x000000074e500000, 0x000000074e500000| Complete 
| 230|0x000000074e600000, 0x000000074e700000, 0x000000074e700000|100%| E|CS|TAMS 0x000000074e600000, 0x000000074e600000| Complete 
| 231|0x000000074e700000, 0x000000074e800000, 0x000000074e800000|100%| E|CS|TAMS 0x000000074e700000, 0x000000074e700000| Complete 
| 232|0x000000074e800000, 0x000000074e900000, 0x000000074e900000|100%| E|CS|TAMS 0x000000074e800000, 0x000000074e800000| Complete 
| 233|0x000000074e900000, 0x000000074ea00000, 0x000000074ea00000|100%| E|CS|TAMS 0x000000074e900000, 0x000000074e900000| Complete 
| 234|0x000000074ea00000, 0x000000074eb00000, 0x000000074eb00000|100%| E|CS|TAMS 0x000000074ea00000, 0x000000074ea00000| Complete 
| 235|0x000000074eb00000, 0x000000074ec00000, 0x000000074ec00000|100%| E|CS|TAMS 0x000000074eb00000, 0x000000074eb00000| Complete 
| 236|0x000000074ec00000, 0x000000074ed00000, 0x000000074ed00000|100%| E|CS|TAMS 0x000000074ec00000, 0x000000074ec00000| Complete 
| 237|0x000000074ed00000, 0x000000074ee00000, 0x000000074ee00000|100%| E|CS|TAMS 0x000000074ed00000, 0x000000074ed00000| Complete 
| 238|0x000000074ee00000, 0x000000074ef00000, 0x000000074ef00000|100%| E|CS|TAMS 0x000000074ee00000, 0x000000074ee00000| Complete 
| 239|0x000000074ef00000, 0x000000074f000000, 0x000000074f000000|100%| E|CS|TAMS 0x000000074ef00000, 0x000000074ef00000| Complete 
| 240|0x000000074f000000, 0x000000074f100000, 0x000000074f100000|100%| E|CS|TAMS 0x000000074f000000, 0x000000074f000000| Complete 
| 241|0x000000074f100000, 0x000000074f200000, 0x000000074f200000|100%| E|CS|TAMS 0x000000074f100000, 0x000000074f100000| Complete 
| 242|0x000000074f200000, 0x000000074f300000, 0x000000074f300000|100%| E|CS|TAMS 0x000000074f200000, 0x000000074f200000| Complete 
| 243|0x000000074f300000, 0x000000074f400000, 0x000000074f400000|100%| E|CS|TAMS 0x000000074f300000, 0x000000074f300000| Complete 
| 244|0x000000074f400000, 0x000000074f500000, 0x000000074f500000|100%| E|CS|TAMS 0x000000074f400000, 0x000000074f400000| Complete 
| 245|0x000000074f500000, 0x000000074f600000, 0x000000074f600000|100%| E|CS|TAMS 0x000000074f500000, 0x000000074f500000| Complete 
| 246|0x000000074f600000, 0x000000074f700000, 0x000000074f700000|100%| E|CS|TAMS 0x000000074f600000, 0x000000074f600000| Complete 
| 247|0x000000074f700000, 0x000000074f800000, 0x000000074f800000|100%| E|CS|TAMS 0x000000074f700000, 0x000000074f700000| Complete 
| 248|0x000000074f800000, 0x000000074f900000, 0x000000074f900000|100%| E|CS|TAMS 0x000000074f800000, 0x000000074f800000| Complete 
| 249|0x000000074f900000, 0x000000074fa00000, 0x000000074fa00000|100%| E|CS|TAMS 0x000000074f900000, 0x000000074f900000| Complete 
| 250|0x000000074fa00000, 0x000000074fb00000, 0x000000074fb00000|100%| E|CS|TAMS 0x000000074fa00000, 0x000000074fa00000| Complete 
| 251|0x000000074fb00000, 0x000000074fc00000, 0x000000074fc00000|100%| E|CS|TAMS 0x000000074fb00000, 0x000000074fb00000| Complete 
| 252|0x000000074fc00000, 0x000000074fd00000, 0x000000074fd00000|100%| E|CS|TAMS 0x000000074fc00000, 0x000000074fc00000| Complete 
| 253|0x000000074fd00000, 0x000000074fe00000, 0x000000074fe00000|100%| E|CS|TAMS 0x000000074fd00000, 0x000000074fd00000| Complete 
| 254|0x000000074fe00000, 0x000000074ff00000, 0x000000074ff00000|100%| E|CS|TAMS 0x000000074fe00000, 0x000000074fe00000| Complete 
| 271|0x0000000750f00000, 0x0000000751000000, 0x0000000751000000|100%| E|CS|TAMS 0x0000000750f00000, 0x0000000750f00000| Complete 

Card table byte_map: [0x0000023618c00000,0x0000023619200000] _byte_map_base: 0x0000023615200000

Marking Bits (Prev, Next): (CMBitMap*) 0x000002365778f6f8, (CMBitMap*) 0x000002365778f730
 Prev Bits: [0x0000023619800000, 0x000002361c800000)
 Next Bits: [0x000002361c800000, 0x000002361f800000)

Polling page: 0x0000023600000000

Metaspace:

Usage:
  Non-class:    111.12 MB capacity,   109.35 MB ( 98%) used,     1.33 MB (  1%) free+waste,   449.56 KB ( <1%) overhead. 
      Class:     17.96 MB capacity,    16.55 MB ( 92%) used,     1.20 MB (  7%) free+waste,   210.06 KB (  1%) overhead. 
       Both:    129.08 MB capacity,   125.90 MB ( 98%) used,     2.53 MB (  2%) free+waste,   659.63 KB ( <1%) overhead. 

Virtual space:
  Non-class space:      112.00 MB reserved,     111.15 MB (>99%) committed 
      Class space:        1.00 GB reserved,      18.00 MB (  2%) committed 
             Both:        1.11 GB reserved,     129.15 MB ( 11%) committed 

Chunk freelists:
   Non-Class:  31.00 KB
       Class:  11.00 KB
        Both:  42.00 KB

MaxMetaspaceSize: 17179869184.00 GB
CompressedClassSpaceSize: 1.00 GB

CodeHeap 'non-profiled nmethods': size=119168Kb used=29992Kb max_used=29992Kb free=89175Kb
 bounds [0x00000236101e0000, 0x0000023611f30000, 0x0000023617640000]
CodeHeap 'profiled nmethods': size=119168Kb used=62180Kb max_used=62180Kb free=56987Kb
 bounds [0x0000023608d80000, 0x000002360caa0000, 0x00000236101e0000]
CodeHeap 'non-nmethods': size=7424Kb used=1805Kb max_used=3561Kb free=5618Kb
 bounds [0x0000023608640000, 0x0000023608ac0000, 0x0000023608d80000]
 total_blobs=26518 nmethods=25087 adapters=1332
 compilation: enabled
              stopped_count=0, restarted_count=0
 full_count=0

Compilation events (20 events):
Event: 3406.924 Thread 0x000002365810c000 32001       4       com.jidesoft.grid.AbstractExpandable::addChild (212 bytes)
Event: 3406.945 Thread 0x000002365810c000 nmethod 32001 0x0000023611f28f10 code [0x0000023611f29100, 0x0000023611f299b8]
Event: 3406.945 Thread 0x000002365810c000 32002       4       com.jidesoft.grid.DefaultTableModelWrapper::getEditorContextAt (11 bytes)
Event: 3406.950 Thread 0x000002365810c000 nmethod 32002 0x0000023611f2a010 code [0x0000023611f2a1c0, 0x0000023611f2a5f8]
Event: 3408.807 Thread 0x000002365810c000 32003       4       javax.swing.plaf.synth.SynthScrollPaneUI::getContext (11 bytes)
Event: 3408.817 Thread 0x000002365810c000 nmethod 32003 0x0000023611f2a810 code [0x0000023611f2aa00, 0x0000023611f2afd8]
Event: 3410.770 Thread 0x000002365810f000 32004       1       java.lang.ClassLoader::getName (5 bytes)
Event: 3410.770 Thread 0x000002365810f000 nmethod 32004 0x0000023611f2b310 code [0x0000023611f2b4c0, 0x0000023611f2b578]
Event: 3410.771 Thread 0x000002365810f000 32005       3       ui.f.aW::j (25 bytes)
Event: 3410.772 Thread 0x000002365810f000 nmethod 32005 0x000002360ca8fc10 code [0x000002360ca8fe60, 0x000002360ca90648]
Event: 3410.772 Thread 0x000002365810f000 32006       3       ui.f.aX::<init> (10 bytes)
Event: 3410.773 Thread 0x000002365810f000 nmethod 32006 0x000002360ca90910 code [0x000002360ca90ac0, 0x000002360ca90c78]
Event: 3410.780 Thread 0x000002365810c000 32008       4       com.jidesoft.plaf.basic.BasicChevronUI::getMinimumSize (6 bytes)
Event: 3410.802 Thread 0x000002365810c000 nmethod 32008 0x0000023611f2b610 code [0x0000023611f2b8a0, 0x0000023611f2bfa0]
Event: 3410.802 Thread 0x000002365810c000 32007       4       com.jidesoft.action.a::a (19 bytes)
Event: 3410.804 Thread 0x000002365810c000 nmethod 32007 0x0000023611f2c810 code [0x0000023611f2c9c0, 0x0000023611f2cae8]
Event: 3410.855 Thread 0x000002365810f000 32009       1       java.io.BufferedInputStream::markSupported (2 bytes)
Event: 3410.855 Thread 0x000002365810f000 nmethod 32009 0x0000023611f2cc10 code [0x0000023611f2cdc0, 0x0000023611f2ce78]
Event: 3411.152 Thread 0x000002365810c000 32010       4       ui.data.design.p::cha (53 bytes)
Event: 3411.192 Thread 0x000002365810c000 nmethod 32010 0x0000023611f2cf10 code [0x0000023611f2d1e0, 0x0000023611f2e6e0]

GC Heap History (20 events):
Event: 3369.789 GC heap before
{Heap before GC invocations=333 (full 6):
 garbage-first heap   total 262144K, used 197066K [0x0000000740000000, 0x0000000800000000)
  region size 1024K, 60 young (61440K), 2 survivors (2048K)
 Metaspace       used 128748K, capacity 131973K, committed 132252K, reserved 1163264K
  class space    used 16948K, capacity 18388K, committed 18432K, reserved 1048576K
}
Event: 3369.792 GC heap after
{Heap after GC invocations=334 (full 6):
 garbage-first heap   total 262144K, used 137653K [0x0000000740000000, 0x0000000800000000)
  region size 1024K, 2 young (2048K), 2 survivors (2048K)
 Metaspace       used 128748K, capacity 131973K, committed 132252K, reserved 1163264K
  class space    used 16948K, capacity 18388K, committed 18432K, reserved 1048576K
}
Event: 3389.492 GC heap before
{Heap before GC invocations=334 (full 6):
 garbage-first heap   total 262144K, used 197045K [0x0000000740000000, 0x0000000800000000)
  region size 1024K, 60 young (61440K), 2 survivors (2048K)
 Metaspace       used 128773K, capacity 132037K, committed 132252K, reserved 1163264K
  class space    used 16948K, capacity 18388K, committed 18432K, reserved 1048576K
}
Event: 3389.495 GC heap after
{Heap after GC invocations=335 (full 6):
 garbage-first heap   total 262144K, used 137817K [0x0000000740000000, 0x0000000800000000)
  region size 1024K, 2 young (2048K), 2 survivors (2048K)
 Metaspace       used 128773K, capacity 132037K, committed 132252K, reserved 1163264K
  class space    used 16948K, capacity 18388K, committed 18432K, reserved 1048576K
}
Event: 3391.905 GC heap before
{Heap before GC invocations=335 (full 6):
 garbage-first heap   total 262144K, used 197209K [0x0000000740000000, 0x0000000800000000)
  region size 1024K, 60 young (61440K), 2 survivors (2048K)
 Metaspace       used 128779K, capacity 132037K, committed 132252K, reserved 1163264K
  class space    used 16948K, capacity 18388K, committed 18432K, reserved 1048576K
}
Event: 3391.907 GC heap after
{Heap after GC invocations=336 (full 6):
 garbage-first heap   total 262144K, used 137860K [0x0000000740000000, 0x0000000800000000)
  region size 1024K, 2 young (2048K), 2 survivors (2048K)
 Metaspace       used 128779K, capacity 132037K, committed 132252K, reserved 1163264K
  class space    used 16948K, capacity 18388K, committed 18432K, reserved 1048576K
}
Event: 3393.991 GC heap before
{Heap before GC invocations=336 (full 6):
 garbage-first heap   total 262144K, used 197252K [0x0000000740000000, 0x0000000800000000)
  region size 1024K, 60 young (61440K), 2 survivors (2048K)
 Metaspace       used 128794K, capacity 132037K, committed 132252K, reserved 1163264K
  class space    used 16948K, capacity 18388K, committed 18432K, reserved 1048576K
}
Event: 3393.992 GC heap after
{Heap after GC invocations=337 (full 6):
 garbage-first heap   total 262144K, used 138312K [0x0000000740000000, 0x0000000800000000)
  region size 1024K, 2 young (2048K), 2 survivors (2048K)
 Metaspace       used 128794K, capacity 132037K, committed 132252K, reserved 1163264K
  class space    used 16948K, capacity 18388K, committed 18432K, reserved 1048576K
}
Event: 3395.909 GC heap before
{Heap before GC invocations=337 (full 6):
 garbage-first heap   total 262144K, used 197704K [0x0000000740000000, 0x0000000800000000)
  region size 1024K, 60 young (61440K), 2 survivors (2048K)
 Metaspace       used 128819K, capacity 132101K, committed 132252K, reserved 1163264K
  class space    used 16948K, capacity 18388K, committed 18432K, reserved 1048576K
}
Event: 3395.912 GC heap after
{Heap after GC invocations=338 (full 6):
 garbage-first heap   total 262144K, used 138087K [0x0000000740000000, 0x0000000800000000)
  region size 1024K, 2 young (2048K), 2 survivors (2048K)
 Metaspace       used 128819K, capacity 132101K, committed 132252K, reserved 1163264K
  class space    used 16948K, capacity 18388K, committed 18432K, reserved 1048576K
}
Event: 3398.035 GC heap before
{Heap before GC invocations=338 (full 6):
 garbage-first heap   total 262144K, used 197479K [0x0000000740000000, 0x0000000800000000)
  region size 1024K, 60 young (61440K), 2 survivors (2048K)
 Metaspace       used 128842K, capacity 132111K, committed 132252K, reserved 1163264K
  class space    used 16949K, capacity 18388K, committed 18432K, reserved 1048576K
}
Event: 3398.037 GC heap after
{Heap after GC invocations=339 (full 6):
 garbage-first heap   total 262144K, used 138090K [0x0000000740000000, 0x0000000800000000)
  region size 1024K, 2 young (2048K), 2 survivors (2048K)
 Metaspace       used 128842K, capacity 132111K, committed 132252K, reserved 1163264K
  class space    used 16949K, capacity 18388K, committed 18432K, reserved 1048576K
}
Event: 3400.763 GC heap before
{Heap before GC invocations=339 (full 6):
 garbage-first heap   total 262144K, used 197482K [0x0000000740000000, 0x0000000800000000)
  region size 1024K, 60 young (61440K), 2 survivors (2048K)
 Metaspace       used 128852K, capacity 132111K, committed 132252K, reserved 1163264K
  class space    used 16949K, capacity 18388K, committed 18432K, reserved 1048576K
}
Event: 3400.766 GC heap after
{Heap after GC invocations=340 (full 6):
 garbage-first heap   total 262144K, used 137791K [0x0000000740000000, 0x0000000800000000)
  region size 1024K, 2 young (2048K), 2 survivors (2048K)
 Metaspace       used 128852K, capacity 132111K, committed 132252K, reserved 1163264K
  class space    used 16949K, capacity 18388K, committed 18432K, reserved 1048576K
}
Event: 3404.755 GC heap before
{Heap before GC invocations=340 (full 6):
 garbage-first heap   total 262144K, used 196159K [0x0000000740000000, 0x0000000800000000)
  region size 1024K, 60 young (61440K), 2 survivors (2048K)
 Metaspace       used 128884K, capacity 132111K, committed 132252K, reserved 1163264K
  class space    used 16949K, capacity 18388K, committed 18432K, reserved 1048576K
}
Event: 3404.761 GC heap after
{Heap after GC invocations=341 (full 6):
 garbage-first heap   total 262144K, used 142062K [0x0000000740000000, 0x0000000800000000)
  region size 1024K, 6 young (6144K), 6 survivors (6144K)
 Metaspace       used 128884K, capacity 132111K, committed 132252K, reserved 1163264K
  class space    used 16949K, capacity 18388K, committed 18432K, reserved 1048576K
}
Event: 3405.770 GC heap before
{Heap before GC invocations=341 (full 6):
 garbage-first heap   total 262144K, used 197358K [0x0000000740000000, 0x0000000800000000)
  region size 1024K, 60 young (61440K), 6 survivors (6144K)
 Metaspace       used 128889K, capacity 132111K, committed 132252K, reserved 1163264K
  class space    used 16949K, capacity 18388K, committed 18432K, reserved 1048576K
}
Event: 3405.776 GC heap after
{Heap after GC invocations=342 (full 6):
 garbage-first heap   total 262144K, used 142634K [0x0000000740000000, 0x0000000800000000)
  region size 1024K, 1 young (1024K), 1 survivors (1024K)
 Metaspace       used 128889K, capacity 132111K, committed 132252K, reserved 1163264K
  class space    used 16949K, capacity 18388K, committed 18432K, reserved 1048576K
}
Event: 3407.976 GC heap before
{Heap before GC invocations=342 (full 6):
 garbage-first heap   total 262144K, used 203050K [0x0000000740000000, 0x0000000800000000)
  region size 1024K, 60 young (61440K), 1 survivors (1024K)
 Metaspace       used 128918K, capacity 132175K, committed 132252K, reserved 1163264K
  class space    used 16949K, capacity 18388K, committed 18432K, reserved 1048576K
}
Event: 3407.980 GC heap after
{Heap after GC invocations=343 (full 6):
 garbage-first heap   total 262144K, used 144855K [0x0000000740000000, 0x0000000800000000)
  region size 1024K, 4 young (4096K), 4 survivors (4096K)
 Metaspace       used 128918K, capacity 132175K, committed 132252K, reserved 1163264K
  class space    used 16949K, capacity 18388K, committed 18432K, reserved 1048576K
}

Deoptimization events (20 events):
Event: 3339.914 Thread 0x0000023623c37000 DEOPT PACKING pc=0x000002361134d894 sp=0x000000742c6fe240
Event: 3339.914 Thread 0x0000023623c37000 DEOPT UNPACKING pc=0x00000236086668af sp=0x000000742c6fe1f0 mode 2
Event: 3339.914 Thread 0x0000023623c37000 Uncommon trap: trap_request=0xffffffd6 fr.pc=0x000002361134d894 relative=0x0000000000000c94
Event: 3339.914 Thread 0x0000023623c37000 Uncommon trap: reason=array_check action=maybe_recompile pc=0x000002361134d894 method=java.util.ComparableTimSort.binarySort([Ljava/lang/Object;III)V @ 193 c2
Event: 3339.914 Thread 0x0000023623c37000 DEOPT PACKING pc=0x000002361134d894 sp=0x000000742c6fe240
Event: 3339.914 Thread 0x0000023623c37000 DEOPT UNPACKING pc=0x00000236086668af sp=0x000000742c6fe1f0 mode 2
Event: 3339.914 Thread 0x0000023623c37000 Uncommon trap: trap_request=0xffffffd6 fr.pc=0x000002361134da3c relative=0x0000000000000e3c
Event: 3339.914 Thread 0x0000023623c37000 Uncommon trap: reason=array_check action=maybe_recompile pc=0x000002361134da3c method=java.util.ComparableTimSort.binarySort([Ljava/lang/Object;III)V @ 183 c2
Event: 3339.914 Thread 0x0000023623c37000 DEOPT PACKING pc=0x000002361134da3c sp=0x000000742c6fe240
Event: 3339.914 Thread 0x0000023623c37000 DEOPT UNPACKING pc=0x00000236086668af sp=0x000000742c6fe1f0 mode 2
Event: 3339.914 Thread 0x0000023623c37000 Uncommon trap: trap_request=0xffffffd6 fr.pc=0x000002361134d894 relative=0x0000000000000c94
Event: 3339.914 Thread 0x0000023623c37000 Uncommon trap: reason=array_check action=maybe_recompile pc=0x000002361134d894 method=java.util.ComparableTimSort.binarySort([Ljava/lang/Object;III)V @ 193 c2
Event: 3339.914 Thread 0x0000023623c37000 DEOPT PACKING pc=0x000002361134d894 sp=0x000000742c6fe240
Event: 3339.914 Thread 0x0000023623c37000 DEOPT UNPACKING pc=0x00000236086668af sp=0x000000742c6fe1f0 mode 2
Event: 3346.972 Thread 0x00000236230d2800 DEOPT PACKING pc=0x0000023609feba5e sp=0x000000743b0ff1d0
Event: 3346.972 Thread 0x00000236230d2800 DEOPT UNPACKING pc=0x000002360866705e sp=0x000000743b0fe730 mode 0
Event: 3401.195 Thread 0x000002362c8df000 Uncommon trap: trap_request=0xffffffc6 fr.pc=0x0000023610f0c01c relative=0x00000000000004fc
Event: 3401.195 Thread 0x000002362c8df000 Uncommon trap: reason=bimorphic_or_optimized_type_check action=maybe_recompile pc=0x0000023610f0c01c method=java.awt.Component.processMouseEvent(Ljava/awt/event/MouseEvent;)V @ 74 c2
Event: 3401.195 Thread 0x000002362c8df000 DEOPT PACKING pc=0x0000023610f0c01c sp=0x000000742e1fb740
Event: 3401.195 Thread 0x000002362c8df000 DEOPT UNPACKING pc=0x00000236086668af sp=0x000000742e1fb670 mode 2

Classes redefined (0 events):
No events

Internal exceptions (20 events):
Event: 2522.395 Thread 0x000002362c8df000 Exception <a 'java/io/FileNotFoundException'{0x000000074d3d4e38}> (0x000000074d3d4e38) thrown at [./src/hotspot/share/prims/jni.cpp, line 615]
Event: 2527.396 Thread 0x000002362c8df000 Exception <a 'java/io/FileNotFoundException'{0x000000074cd89f30}> (0x000000074cd89f30) thrown at [./src/hotspot/share/prims/jni.cpp, line 615]
Event: 2532.397 Thread 0x000002362c8df000 Exception <a 'java/io/FileNotFoundException'{0x000000074c9b1a18}> (0x000000074c9b1a18) thrown at [./src/hotspot/share/prims/jni.cpp, line 615]
Event: 2537.399 Thread 0x000002362c8df000 Exception <a 'java/io/FileNotFoundException'{0x000000074fd5a418}> (0x000000074fd5a418) thrown at [./src/hotspot/share/prims/jni.cpp, line 615]
Event: 2542.400 Thread 0x000002362c8df000 Exception <a 'java/io/FileNotFoundException'{0x000000074f713778}> (0x000000074f713778) thrown at [./src/hotspot/share/prims/jni.cpp, line 615]
Event: 2547.402 Thread 0x000002362c8df000 Exception <a 'java/io/FileNotFoundException'{0x000000074e05ebc8}> (0x000000074e05ebc8) thrown at [./src/hotspot/share/prims/jni.cpp, line 615]
Event: 2549.439 Thread 0x00000236d3096800 Exception <a 'java/lang/InterruptedException'{0x000000074e19b0b8}: sleep interrupted> (0x000000074e19b0b8) thrown at [./src/hotspot/share/prims/jvm.cpp, line 3099]
Event: 2551.484 Thread 0x000002362c8df000 Exception <a 'java/io/FileNotFoundException'{0x000000074f33f580}> (0x000000074f33f580) thrown at [./src/hotspot/share/prims/jni.cpp, line 615]
Event: 2551.484 Thread 0x000002362c8df000 Exception <a 'java/io/FileNotFoundException'{0x000000074f340870}> (0x000000074f340870) thrown at [./src/hotspot/share/prims/jni.cpp, line 615]
Event: 2578.485 Thread 0x0000023625f19000 Implicit null exception at 0x0000023611bd1906 to 0x0000023611bd203c
Event: 2609.516 Thread 0x00000236d3094000 Exception <a 'java/lang/InterruptedException'{0x000000074dba5a10}: sleep interrupted> (0x000000074dba5a10) thrown at [./src/hotspot/share/prims/jvm.cpp, line 3099]
Event: 2615.697 Thread 0x000002362c8df000 Implicit null exception at 0x0000023610bd65d3 to 0x0000023610bd76e4
Event: 2741.933 Thread 0x000002362c8df000 Exception <a 'java/lang/NoSuchMethodError'{0x000000074f593ec0}: 'java.lang.Object java.lang.invoke.DirectMethodHandle$Holder.invokeStatic(java.lang.Object, java.lang.Object, int, int, java.lang.Object)'> (0x000000074f593ec0) thrown at [./src/hotspot/share/interpreter/linkResolver.cpp, line 773]
Event: 2741.933 Thread 0x000002362c8df000 Exception <a 'java/lang/NoSuchMethodError'{0x000000074f5976a0}: 'java.lang.Object java.lang.invoke.DirectMethodHandle$Holder.invokeSpecial(java.lang.Object, java.lang.Object, java.lang.Object, int, int, java.lang.Object)'> (0x000000074f5976a0) thrown at [./src/hotspot/share/interpreter/linkResolver.cpp, line 773]
Event: 2741.934 Thread 0x000002362c8df000 Exception <a 'java/lang/NoSuchMethodError'{0x000000074f59a7a8}: 'java.lang.Object java.lang.invoke.Invokers$Holder.linkToTargetMethod(java.lang.Object, int, int, java.lang.Object, java.lang.Object)'> (0x000000074f59a7a8) thrown at [./src/hotspot/share/interpreter/linkResolver.cpp, line 773]
Event: 3406.460 Thread 0x000002362c8df000 Exception <a 'java/io/FileNotFoundException'{0x000000074ea4f130}> (0x000000074ea4f130) thrown at [./src/hotspot/share/prims/jni.cpp, line 615]
Event: 3406.645 Thread 0x000002362c8df000 Exception <a 'java/io/FileNotFoundException'{0x000000074e509a58}> (0x000000074e509a58) thrown at [./src/hotspot/share/prims/jni.cpp, line 615]
Event: 3406.920 Thread 0x000002362c8df000 Exception <a 'java/io/FileNotFoundException'{0x000000074dd6ac68}> (0x000000074dd6ac68) thrown at [./src/hotspot/share/prims/jni.cpp, line 615]
Event: 3406.921 Thread 0x000002362c8df000 Exception <a 'java/io/FileNotFoundException'{0x000000074dd6bf38}> (0x000000074dd6bf38) thrown at [./src/hotspot/share/prims/jni.cpp, line 615]
Event: 3411.460 Thread 0x000002362c8df000 Exception <a 'java/io/FileNotFoundException'{0x000000074d334d28}> (0x000000074d334d28) thrown at [./src/hotspot/share/prims/jni.cpp, line 615]

Events (20 events):
Event: 3408.807 Thread 0x00000236d30a6000 Thread exited: 0x00000236d30a6000
Event: 3408.807 Thread 0x00000236d30ab000 Thread exited: 0x00000236d30ab000
Event: 3409.740 Thread 0x00000236d3098000 Thread added: 0x00000236d3098000
Event: 3409.743 Thread 0x00000236d3098000 Thread exited: 0x00000236d3098000
Event: 3410.728 Thread 0x00000236d3098000 Thread added: 0x00000236d3098000
Event: 3410.736 Thread 0x00000236d3098000 Thread exited: 0x00000236d3098000
Event: 3410.820 Executing VM operation: BulkRevokeBias
Event: 3410.821 Executing VM operation: BulkRevokeBias done
Event: 3410.852 Thread 0x00000236d3098000 Thread added: 0x00000236d3098000
Event: 3410.855 Executing VM operation: RevokeBias
Event: 3410.856 Executing VM operation: RevokeBias done
Event: 3411.543 Executing VM operation: RevokeBias
Event: 3411.543 Executing VM operation: RevokeBias done
Event: 3411.543 Executing VM operation: RevokeBias
Event: 3411.544 Executing VM operation: RevokeBias done
Event: 3411.627 Executing VM operation: RevokeBias
Event: 3411.628 Executing VM operation: RevokeBias done
Event: 3411.735 Thread 0x00000236d30ab000 Thread added: 0x00000236d30ab000
Event: 3411.743 Thread 0x00000236d30ab000 Thread exited: 0x00000236d30ab000
Event: 3412.502 Thread 0x00000236d30a7800 Thread added: 0x00000236d30a7800


Dynamic libraries:
0x00007ff625d90000 - 0x00007ff625dc1000 	C:\Xilinx\Vivado\2022.1\bin\unwrapped\win64.o\vivado.exe
0x00007ff89e330000 - 0x00007ff89e528000 	C:\WINDOWS\SYSTEM32\ntdll.dll
0x00007ff89c960000 - 0x00007ff89ca1d000 	C:\WINDOWS\System32\KERNEL32.DLL
0x00007ff89bf00000 - 0x00007ff89c1f6000 	C:\WINDOWS\System32\KERNELBASE.dll
0x00007ff89c200000 - 0x00007ff89c300000 	C:\WINDOWS\System32\ucrtbase.dll
0x00007ff864160000 - 0x00007ff8654ec000 	C:\Xilinx\Vivado\2022.1\lib\win64.o\librdi_common.dll
0x00007ff89dbb0000 - 0x00007ff89dd4f000 	C:\WINDOWS\System32\USER32.dll
0x00007ff89c300000 - 0x00007ff89c322000 	C:\WINDOWS\System32\win32u.dll
0x00007ff89c330000 - 0x00007ff89c35b000 	C:\WINDOWS\System32\GDI32.dll
0x00007ff87e890000 - 0x00007ff87e91d000 	C:\WINDOWS\SYSTEM32\MSVCP140.dll
0x00007ff89bdb0000 - 0x00007ff89bec7000 	C:\WINDOWS\System32\gdi32full.dll
0x00007ff88b2b0000 - 0x00007ff88b2cb000 	C:\WINDOWS\SYSTEM32\VCRUNTIME140.dll
0x00007ff89bca0000 - 0x00007ff89bd3d000 	C:\WINDOWS\System32\msvcp_win.dll
0x00007ff895510000 - 0x00007ff895528000 	C:\Xilinx\Vivado\2022.1\lib\win64.o\librdi_commonmain.dll
0x00007ff89ddf0000 - 0x00007ff89dea0000 	C:\WINDOWS\System32\ADVAPI32.dll
0x00007ff89c830000 - 0x00007ff89c8ce000 	C:\WINDOWS\System32\msvcrt.dll
0x00007ff89dd50000 - 0x00007ff89ddf0000 	C:\WINDOWS\System32\sechost.dll
0x00007ff89d6f0000 - 0x00007ff89d813000 	C:\WINDOWS\System32\RPCRT4.dll
0x00007ff89bed0000 - 0x00007ff89bef7000 	C:\WINDOWS\System32\bcrypt.dll
0x00007ff89cae0000 - 0x00007ff89d24b000 	C:\WINDOWS\System32\SHELL32.dll
0x00007ff89d400000 - 0x00007ff89d46b000 	C:\WINDOWS\System32\WS2_32.dll
0x00007ff8905f0000 - 0x00007ff890601000 	C:\Xilinx\Vivado\2022.1\lib\win64.o\libboost_date_time.dll
0x00007ff87f770000 - 0x00007ff87f7e9000 	C:\Xilinx\Vivado\2022.1\lib\win64.o\libboost_program_options.dll
0x00007ff867a20000 - 0x00007ff867d8e000 	C:\Xilinx\Vivado\2022.1\lib\win64.o\libCOIN-all.dll
0x00007ff889950000 - 0x00007ff889971000 	C:\Xilinx\Vivado\2022.1\lib\win64.o\libboost_filesystem.dll
0x00007ff8903d0000 - 0x00007ff8903ec000 	C:\Xilinx\Vivado\2022.1\lib\win64.o\libboost_thread.dll
0x00007ff8689b0000 - 0x00007ff868ac4000 	C:\Xilinx\Vivado\2022.1\lib\win64.o\libboost_regex.dll
0x00007ff870ed0000 - 0x00007ff870f75000 	C:\Xilinx\Vivado\2022.1\lib\win64.o\libhdxml.dll
0x00007ff895500000 - 0x00007ff89550c000 	C:\Xilinx\Vivado\2022.1\lib\win64.o\libboost_xilinx.dll
0x00007ff868f00000 - 0x00007ff868f82000 	C:\Xilinx\Vivado\2022.1\lib\win64.o\libhdlpsolve.dll
0x00007ff87f5e0000 - 0x00007ff87f60a000 	C:\Xilinx\Vivado\2022.1\lib\win64.o\libisl_sysinfo.dll
0x00007ff865b40000 - 0x00007ff866985000 	C:\Xilinx\Vivado\2022.1\lib\win64.o\libisl_iostreams.dll
0x00007ff885d30000 - 0x00007ff885d4a000 	C:\Xilinx\Vivado\2022.1\lib\win64.o\pthreadVC2.dll
0x00007ff87db10000 - 0x00007ff87db31000 	C:\Xilinx\Vivado\2022.1\lib\win64.o\librdizlib.dll
0x00007ff87d050000 - 0x00007ff87d0b5000 	C:\Xilinx\Vivado\2022.1\lib\win64.o\liblmx6.0.dll
0x00007ff867860000 - 0x00007ff867a15000 	C:\Xilinx\Vivado\2022.1\lib\win64.o\librdi_commonxillic.dll
0x00007ff8848a0000 - 0x00007ff8848bc000 	C:\Xilinx\Vivado\2022.1\lib\win64.o\librdiconfig.dll
0x0000000062f80000 - 0x00000000630ab000 	C:\Xilinx\Vivado\2022.1\lib\win64.o\tcl85t.dll
0x00007ff89e200000 - 0x00007ff89e255000 	C:\WINDOWS\System32\SHLWAPI.dll
0x00007ff896ad0000 - 0x00007ff896adc000 	C:\WINDOWS\SYSTEM32\VCRUNTIME140_1.dll
0x00007ff867590000 - 0x00007ff867851000 	C:\Xilinx\Vivado\2022.1\lib\win64.o\xerces-c_3_2.dll
0x00007ff8903a0000 - 0x00007ff8903a9000 	C:\Xilinx\Vivado\2022.1\lib\win64.o\librdi_commonversion.dll
0x00007ff891e10000 - 0x00007ff891e29000 	C:\WINDOWS\SYSTEM32\NETAPI32.dll
0x00007ff8927d0000 - 0x00007ff8929bc000 	C:\WINDOWS\SYSTEM32\urlmon.dll
0x00007ff8962b0000 - 0x00007ff8963ba000 	C:\WINDOWS\SYSTEM32\WINHTTP.dll
0x00007ff891930000 - 0x00007ff891e06000 	C:\WINDOWS\SYSTEM32\WININET.dll
0x00007ff861f90000 - 0x00007ff863ea7000 	C:\Xilinx\Vivado\2022.1\lib\win64.o\gurobi90.dll
0x00007ff887450000 - 0x00007ff887459000 	C:\WINDOWS\SYSTEM32\WSOCK32.dll
0x00007ff878430000 - 0x00007ff878461000 	C:\WINDOWS\SYSTEM32\VCOMP140.DLL
0x00007ff89bb40000 - 0x00007ff89bc9e000 	C:\WINDOWS\System32\CRYPT32.dll
0x00007ff89e260000 - 0x00007ff89e2be000 	C:\WINDOWS\System32\WLDAP32.dll
0x00007ff89d8f0000 - 0x00007ff89d8f8000 	C:\WINDOWS\System32\Normaliz.dll
0x00007ff8811c0000 - 0x00007ff8811d8000 	C:\Xilinx\Vivado\2022.1\lib\win64.o\libboost_iostreams.dll
0x00007ff867270000 - 0x00007ff867586000 	C:\Xilinx\Vivado\2022.1\lib\win64.o\libXil_lmgr11.dll
0x00007ff89d560000 - 0x00007ff89d63a000 	C:\WINDOWS\System32\COMDLG32.dll
0x00007ff89dea0000 - 0x00007ff89e1f3000 	C:\WINDOWS\System32\combase.dll
0x00007ff89d640000 - 0x00007ff89d6ed000 	C:\WINDOWS\System32\shcore.dll
0x00007ff89d470000 - 0x00007ff89d53d000 	C:\WINDOWS\System32\OLEAUT32.dll
0x00007ff87d600000 - 0x00007ff87d624000 	C:\Xilinx\Vivado\2022.1\lib\win64.o\libisl_iosutils.dll
0x00007ff89d960000 - 0x00007ff89da8b000 	C:\WINDOWS\System32\ole32.dll
0x00007ff89bd40000 - 0x00007ff89bda7000 	C:\WINDOWS\System32\WINTRUST.dll
0x00007ff89ae50000 - 0x00007ff89ae5c000 	C:\WINDOWS\SYSTEM32\netutils.dll
0x00007ff89a5d0000 - 0x00007ff89a5f8000 	C:\WINDOWS\SYSTEM32\srvcli.dll
0x00007ff892500000 - 0x00007ff8927be000 	C:\WINDOWS\SYSTEM32\iertutil.dll
0x00007ff884c40000 - 0x00007ff884cf0000 	C:\WINDOWS\WinSxS\amd64_microsoft.windows.common-controls_6595b64144ccf1df_5.82.19041.4355_none_792ecafd2442822f\COMCTL32.dll
0x00007ff897030000 - 0x00007ff89704d000 	C:\WINDOWS\SYSTEM32\dhcpcsvc.DLL
0x00007ff89b890000 - 0x00007ff89b8be000 	C:\WINDOWS\SYSTEM32\USERENV.dll
0x00007ff89b060000 - 0x00007ff89b0ca000 	C:\WINDOWS\SYSTEM32\MSWSOCK.DLL
0x00007ff89ca20000 - 0x00007ff89ca52000 	C:\WINDOWS\System32\IMM32.DLL
0x00007ff89b560000 - 0x00007ff89b572000 	C:\WINDOWS\SYSTEM32\MSASN1.dll
0x00007ff899670000 - 0x00007ff899682000 	C:\WINDOWS\SYSTEM32\kernel.appcore.dll
0x00007ff861440000 - 0x00007ff861972000 	C:\Xilinx\Vivado\2022.1\lib\win64.o\librdi_commontasks.dll
0x00007ff866f40000 - 0x00007ff867265c00 	C:\Xilinx\Vivado\2022.1\lib\win64.o\librdi_sio.dll
0x00007ff896590000 - 0x00007ff89659a000 	C:\WINDOWS\SYSTEM32\VERSION.dll
0x00007ff89ad40000 - 0x00007ff89ad7b000 	C:\WINDOWS\SYSTEM32\IPHLPAPI.DLL
0x00007ff8608f0000 - 0x00007ff86143d000 	C:\Xilinx\Vivado\2022.1\tps\win64\jre11.0.11_9\bin\server\jvm.dll
0x00007ff89d8e0000 - 0x00007ff89d8e8000 	C:\WINDOWS\System32\PSAPI.DLL
0x00007ff894970000 - 0x00007ff894997000 	C:\WINDOWS\SYSTEM32\WINMM.dll
0x00007ff89b850000 - 0x00007ff89b882000 	C:\WINDOWS\SYSTEM32\SspiCli.dll
0x00007ff889600000 - 0x00007ff889617000 	C:\WINDOWS\system32\napinsp.dll
0x00007ff8894f0000 - 0x00007ff88950b000 	C:\WINDOWS\system32\pnrpnsp.dll
0x00007ff8894d0000 - 0x00007ff8894e5000 	C:\WINDOWS\system32\wshbth.dll
0x00007ff896980000 - 0x00007ff89699d000 	C:\WINDOWS\system32\NLAapi.dll
0x00007ff89ad80000 - 0x00007ff89ae4b000 	C:\WINDOWS\SYSTEM32\DNSAPI.dll
0x00007ff89d820000 - 0x00007ff89d828000 	C:\WINDOWS\System32\NSI.dll
0x00007ff889450000 - 0x00007ff889462000 	C:\WINDOWS\System32\winrnr.dll
0x00007ff899870000 - 0x00007ff89a00d000 	C:\WINDOWS\SYSTEM32\windows.storage.dll
0x00007ff89b360000 - 0x00007ff89b38e000 	C:\WINDOWS\SYSTEM32\Wldp.dll
0x00007ff85b530000 - 0x00007ff85e177000 	C:\Xilinx\Vivado\2022.1\lib\win64.o\librdi_tcltasks.dll
0x00007ff868480000 - 0x00007ff868500000 	C:\Xilinx\Vivado\2022.1\lib\win64.o\librdi_boarddep.dll
0x00007ff8681d0000 - 0x00007ff8682f6000 	C:\Xilinx\Vivado\2022.1\lib\win64.o\librdi_chipscope.dll
0x00007ff868eb0000 - 0x00007ff868ef4000 	C:\Xilinx\Vivado\2022.1\lib\win64.o\libboost_serialization.dll
0x00007ff8602d0000 - 0x00007ff86079f000 	C:\Xilinx\Vivado\2022.1\lib\win64.o\librdi_bitstream.dll
0x00007ff865970000 - 0x00007ff865b31000 	C:\Xilinx\Vivado\2022.1\lib\win64.o\librdi_board.dll
0x00007ff865770000 - 0x00007ff865966000 	C:\Xilinx\Vivado\2022.1\lib\win64.o\librdi_chipscopeimpl.dll
0x00007ff85f8a0000 - 0x00007ff85ffc5000 	C:\Xilinx\Vivado\2022.1\lib\win64.o\librdi_coregenipxact.dll
0x00007ff8513d0000 - 0x00007ff8533ba000 	C:\Xilinx\Vivado\2022.1\lib\win64.o\librdi_designutils.dll
0x00007ff8533c0000 - 0x00007ff85545d000 	C:\Xilinx\Vivado\2022.1\lib\win64.o\librdi_constraints.dll
0x00007ff863f80000 - 0x00007ff8640e5000 	C:\Xilinx\Vivado\2022.1\lib\win64.o\librdi_containers.dll
0x00007ff8570f0000 - 0x00007ff85968f000 	C:\Xilinx\Vivado\2022.1\lib\win64.o\librdi_coregen.dll
0x00007ff82fcc0000 - 0x00007ff8501f3000 	C:\Xilinx\Vivado\2022.1\lib\win64.o\librdi_device.dll
0x00007ff85aea0000 - 0x00007ff85b52f000 	C:\Xilinx\Vivado\2022.1\lib\win64.o\librdi_filemgmt.dll
0x00007ff85f500000 - 0x00007ff85f87c000 	C:\Xilinx\Vivado\2022.1\lib\win64.o\librdi_dlyest.dll
0x00007ff85ee40000 - 0x00007ff85f4fb000 	C:\Xilinx\Vivado\2022.1\lib\win64.o\librdi_drc.dll
0x00007ff85ab70000 - 0x00007ff85ae96000 	C:\Xilinx\Vivado\2022.1\lib\win64.o\librdi_guitools.dll
0x00007ff8683c0000 - 0x00007ff868474000 	C:\Xilinx\Vivado\2022.1\lib\win64.o\librdi_dsp.dll
0x00007ff868d20000 - 0x00007ff868d89000 	C:\Xilinx\Vivado\2022.1\lib\win64.o\librdi_hdf.dll
0x00007ff850820000 - 0x00007ff8513c3000 	C:\Xilinx\Vivado\2022.1\lib\win64.o\librdi_ippcw.dll
0x00007ff860010000 - 0x00007ff8602c7000 	C:\Xilinx\Vivado\2022.1\lib\win64.o\librdi_hip_devdesign.dll
0x00007ff861b00000 - 0x00007ff861c48000 	C:\Xilinx\Vivado\2022.1\lib\win64.o\librdi_hip_perf_analysis.dll
0x00007ff859a00000 - 0x00007ff85a130000 	C:\Xilinx\Vivado\2022.1\lib\win64.o\librdi_lopt.dll
0x00007ff856280000 - 0x00007ff8570e8000 	C:\Xilinx\Vivado\2022.1\lib\win64.o\librdi_implflow.dll
0x00007ff866ec0000 - 0x00007ff866f34000 	C:\Xilinx\Vivado\2022.1\lib\win64.o\librdi_memoryarray.dll
0x00007ff8687e0000 - 0x00007ff868837000 	C:\Xilinx\Vivado\2022.1\lib\win64.o\librdi_pfi.dll
0x00007ff85a510000 - 0x00007ff85ab61000 	C:\Xilinx\Vivado\2022.1\lib\win64.o\librdi_memdata.dll
0x00007ff82d610000 - 0x00007ff82fcb3000 	C:\Xilinx\Vivado\2022.1\lib\win64.o\librdi_mig.dll
0x00007ff82a690000 - 0x00007ff82d609000 	C:\Xilinx\Vivado\2022.1\lib\win64.o\librdi_place.dll
0x00007ff855b20000 - 0x00007ff85627f000 	C:\Xilinx\Vivado\2022.1\lib\win64.o\librdi_netlist.dll
0x00007ff828f40000 - 0x00007ff82968a000 	C:\Xilinx\Vivado\2022.1\lib\win64.o\librdi_project.dll
0x00007ff8503f0000 - 0x00007ff850817000 	C:\Xilinx\Vivado\2022.1\lib\win64.o\librdi_platform.dll
0x00007ff829dd0000 - 0x00007ff82a68f000 	C:\Xilinx\Vivado\2022.1\lib\win64.o\librdi_power.dll
0x00007ff829690000 - 0x00007ff829dc4000 	C:\Xilinx\Vivado\2022.1\lib\win64.o\librdi_psta.dll
0x00007ff828640000 - 0x00007ff828f39000 	C:\Xilinx\Vivado\2022.1\lib\win64.o\librdi_rsb.dll
0x00007ff8280e0000 - 0x00007ff82863c000 	C:\Xilinx\Vivado\2022.1\lib\win64.o\librdi_runs.dll
0x00007ff8619e0000 - 0x00007ff861af9000 	C:\Xilinx\Vivado\2022.1\lib\win64.o\librdi_runsbase.dll
0x00007ff866e60000 - 0x00007ff866eb7000 	C:\Xilinx\Vivado\2022.1\lib\win64.o\librdi_schedmon.dll
0x00007ff85ebc0000 - 0x00007ff85ee3b000 	C:\Xilinx\Vivado\2022.1\lib\win64.o\librdi_simdata.dll
0x00007ff826fa0000 - 0x00007ff8280db000 	C:\Xilinx\Vivado\2022.1\lib\win64.o\librdi_timing.dll

dbghelp: loaded successfully - version: 4.0.5 - missing functions: none
symbol engine: initialized successfully - sym options: 0x614 - pdb path: .;C:\Xilinx\Vivado\2022.1\bin\unwrapped\win64.o;C:\WINDOWS\SYSTEM32;C:\Xilinx\Vivado\2022.1\lib\win64.o;C:\WINDOWS\WinSxS\amd64_microsoft.windows.common-controls_6595b64144ccf1df_5.82.19041.4355_none_792ecafd2442822f;C:\Xilinx\Vivado\2022.1\tps\win64\jre11.0.11_9\bin\server;C:\Xilinx\Vivado\2022.1\tps\win64\python-3.8.3;C:\Xilinx\Vivado\2022.1\tps\win64\jre11.0.11_9\bin;C:\WINDOWS\WinSxS\amd64_microsoft.windows.common-controls_6595b64144ccf1df_6.0.19041.4355_none_60b8b9eb71f62e16;C:\WINDOWS\WinSxS\amd64_microsoft.windows.gdiplus_6595b64144ccf1df_1.1.19041.4355_none_91a3acd0cc88a7e4

VM Arguments:
jvm_args: -Dsun.java2d.pmoffscreen=false -Dhttps.protocols=TLSv1,TLSv1.1,TLSv1.2 -Dsun.java2d.xrender=false -Dsun.java2d.d3d=false -Dsun.awt.nopixfmt=true -Dsun.java2d.dpiaware=true -Dsun.java2d.uiScale.enabled=false -Xverify:none -Dswing.aatext=true -XX:-UsePerfData -Djdk.map.althashing.threshold=512 -XX:StringTableSize=4072 --add-opens=java.desktop/com.sun.awt=ALL-UNNAMED --add-opens=java.desktop/javax.swing.plaf.synth=ALL-UNNAMED --add-opens=java.base/java.nio=ALL-UNNAMED --add-opens=java.desktop/sun.swing=ALL-UNNAMED --add-opens=java.desktop/javax.swing=ALL-UNNAMED --add-opens=java.desktop/javax.swing.tree=ALL-UNNAMED --add-opens=java.desktop/javax.swing.plaf.basic=ALL-UNNAMED --add-opens=java.desktop/javax.swing.plaf.synth=ALL-UNNAMED --add-opens=java.desktop/javax.swing.plaf.basic=ALL-UNNAMED --add-opens=java.desktop/javax.swing=ALL-UNNAMED --add-opens=java.desktop/javax.swing.tree=ALL-UNNAMED --add-opens=java.desktop/java.awt.event=ALL-UNNAMED --add-exports=java.desktop/javax.swing.plaf.synth=ALL-UNNAMED --add-exports=java.base/java.nio=ALL-UNNAMED --add-exports=java.desktop/sun.swing=ALL-UNNAMED --add-exports=java.desktop/javax.swing=ALL-UNNAMED --add-exports=java.desktop/javax.swing.tree=ALL-UNNAMED --add-exports=java.desktop/javax.swing.plaf.basic=ALL-UNNAMED --add-exports=java.desktop/sun.swing=ALL-UNNAMED --add-exports=java.desktop/sun.swing.table=ALL-UNNAMED --add-exports=java.desktop/sun.swing.plaf.synth=ALL-UNNAMED --add-exports=java.desktop/sun.awt.shell=ALL-UNNAMED --add-exports=java.base/sun.security.action=ALL-UNNAMED --add-exports=java.desktop/sun.font=ALL-UNNAMED -XX:NewSize=60m -XX:MaxNewSize=60m -Xms256m -Xmx3072m -Xss5m 
java_command: <unknown>
java_class_path (initial): C:/Xilinx/Vivado/2022.1\lib\classes\alloy.jar;C:/Xilinx/Vivado/2022.1\lib\classes\autoesl-models.jar;C:/Xilinx/Vivado/2022.1\lib\classes\batik-anim.jar;C:/Xilinx/Vivado/2022.1\lib\classes\batik-awt-util.jar;C:/Xilinx/Vivado/2022.1\lib\classes\batik-bridge.jar;C:/Xilinx/Vivado/2022.1\lib\classes\batik-codec.jar;C:/Xilinx/Vivado/2022.1\lib\classes\batik-css.jar;C:/Xilinx/Vivado/2022.1\lib\classes\batik-dom.jar;C:/Xilinx/Vivado/2022.1\lib\classes\batik-ext.jar;C:/Xilinx/Vivado/2022.1\lib\classes\batik-gui-util.jar;C:/Xilinx/Vivado/2022.1\lib\classes\batik-gvt.jar;C:/Xilinx/Vivado/2022.1\lib\classes\batik-parser.jar;C:/Xilinx/Vivado/2022.1\lib\classes\batik-script.jar;C:/Xilinx/Vivado/2022.1\lib\classes\batik-svg-dom.jar;C:/Xilinx/Vivado/2022.1\lib\classes\batik-svggen.jar;C:/Xilinx/Vivado/2022.1\lib\classes\batik-swing.jar;C:/Xilinx/Vivado/2022.1\lib\classes\batik-transcoder.jar;C:/Xilinx/Vivado/2022.1\lib\classes\batik-util.jar;C:/Xilinx/Vivado/2022.1\lib\classes\batik-xml.jar;C:/Xilinx/Vivado/2022.1\lib\classes\com.fasterxml.jackson.core.jackson-annotations_2.12.1.v20210128-1726.jar;C:/Xilinx/Vivado/2022.1\lib\classes\com.fasterxml.jackson.core.jackson-core_2.12.1.v20210128-1726.jar;C:/Xilinx/Vivado/2022.1\lib\classes\com.fasterxml.jackson.core.jackson-databind_2.12.1.v20210128-1726.jar;C:/Xilinx/Vivado/2022.1\lib\classes\com.google.gson_2.8.7.v20210624-1215.jar;C:/Xilinx/Vivado/2022.1\lib\classes\com.google.guava_30.1.0.v20210127-2300.jar;C:/Xilinx/Vivado/2022.1\lib\classes\com.sigasi.hdt.connection_4.15.0.202201101137.jar;C:/Xilinx/Vivado/2022.1\lib\classes\com.sigasi.hdt.epl_4.15.0.202201101137.jar;C:/Xilinx/Vivado/2022.1\lib\classes\com.sigasi.hdt.project_4.15.0.202201101137.jar;C:/Xilinx/Vivado/2022.1\lib\classes\com.sigasi.hdt.readonlyfilesystem_4.15.0.202201101137.jar;C:/Xilinx/Vivado/2022.1\lib\classes\com.sigasi.hdt.shared_4.15.0.202201101137.jar;C:/Xilinx/Vivado/2022.1\lib\classes\com.sigasi.lcm_4.15.0.202201101137.jar;C:/Xilinx
Launcher Type: generic

[Global flags]
     bool BytecodeVerificationLocal                = false                                     {product} {command line}
     bool BytecodeVerificationRemote               = false                                     {product} {command line}
     intx CICompilerCount                          = 12                                        {product} {ergonomic}
     uint ConcGCThreads                            = 3                                         {product} {ergonomic}
     uint G1ConcRefinementThreads                  = 13                                        {product} {ergonomic}
   size_t G1HeapRegionSize                         = 1048576                                   {product} {ergonomic}
    uintx GCDrainStackTargetSize                   = 64                                        {product} {ergonomic}
   size_t InitialHeapSize                          = 268435456                                 {product} {command line}
   size_t MarkStackSize                            = 4194304                                   {product} {ergonomic}
   size_t MaxHeapSize                              = 3221225472                                {product} {command line}
   size_t MaxNewSize                               = 62914560                                  {product} {command line}
   size_t MinHeapDeltaBytes                        = 1048576                                   {product} {ergonomic}
   size_t NewSize                                  = 62914560                                  {product} {command line}
    uintx NonNMethodCodeHeapSize                   = 7594288                                {pd product} {ergonomic}
    uintx NonProfiledCodeHeapSize                  = 122031976                              {pd product} {ergonomic}
    uintx ProfiledCodeHeapSize                     = 122031976                              {pd product} {ergonomic}
    uintx ReservedCodeCacheSize                    = 251658240                              {pd product} {ergonomic}
     bool SegmentedCodeCache                       = true                                      {product} {ergonomic}
    uintx StringTableSize                          = 4072                                      {product} {command line}
     intx ThreadStackSize                          = 5120                                   {pd product} {command line}
     bool UseCompressedClassPointers               = true                                 {lp64_product} {ergonomic}
     bool UseCompressedOops                        = true                                 {lp64_product} {ergonomic}
     bool UseG1GC                                  = true                                      {product} {ergonomic}
     bool UseLargePagesIndividualAllocation        = false                                  {pd product} {ergonomic}
     bool UsePerfData                              = false                                     {product} {command line}

Logging:
Log output configuration:
 #0: stdout all=warning uptime,level,tags
 #1: stderr all=off uptime,level,tags

Environment Variables:
PATH=C:/Xilinx/Vivado/2022.1/bin;C:/Xilinx/Vivado/2022.1/tps/win64/java-cef-78.3.9.242/bin/lib/win64;C:/Xilinx/Vivado/2022.1/tps/win64/javafx-sdk-11.0.2/lib;C:/Xilinx/Vivado/2022.1/tps/win64/javafx-sdk-11.0.2/bin;C:/Xilinx/Vivado/2022.1/lib/win64.o;C:/Xilinx/Vivado/2022.1/tps/win64/jre11.0.11_9/bin/server;C:/Xilinx/Vivado/2022.1/tps/win64/jre11.0.11_9/bin;C:/Xilinx/Vivado/2022.1/ids_lite/ISE/bin/nt64;C:/Xilinx/Vivado/2022.1/ids_lite/ISE/lib/nt64;C:/Xilinx/Vitis_HLS/2022.1/bin;C:\WINDOWS\system32;C:\WINDOWS;C:\WINDOWS\System32\Wbem;C:\WINDOWS\System32\WindowsPowerShell\v1.0\;C:\WINDOWS\System32\OpenSSH\;C:\Users\youssefibrahim\AppData\Local\Microsoft\WindowsApps;;C:/Xilinx/Vivado/2022.1\tps\mingw\6.2.0\win64.o\nt\bin;C:/Xilinx/Vivado/2022.1\tps\mingw\6.2.0\win64.o\nt\libexec\gcc\x86_64-w64-mingw32\6.2.0;C:/Xilinx/Vivado/2022.1\tps\win64\python-3.8.3;C:/Xilinx/Vivado/2022.1\tps\win64\python-3.8.3\bin;C:/Xilinx/Vivado/2022.1\tps\win64\python-3.8.3\lib;C:/Xilinx/Vivado/2022.1\tps\win64\python-3.8.3\lib\site-packages
USERNAME=youssefibrahim
OS=Windows_NT
PROCESSOR_IDENTIFIER=Intel64 Family 6 Model 85 Stepping 4, GenuineIntel



---------------  S Y S T E M  ---------------

OS: Windows 10 , 64 bit Build 19041 (10.0.19041.3636)
OS uptime: 2 days 0:34 hours

CPU:total 16 (initial active 16) (8 cores per cpu, 2 threads per core) family 6 model 85 stepping 4 microcode 0x200005e, cmov, cx8, fxsr, mmx, sse, sse2, sse3, ssse3, sse4.1, sse4.2, popcnt, avx, avx2, aes, clmul, erms, rtm, 3dnowpref, lzcnt, ht, tsc, tscinvbit, bmi1, bmi2, adx, fma

Memory: 4k page, system-wide physical 32444M (20606M free)
TotalPageFile size 37308M (AvailPageFile size 24918M)
current process WorkingSet (physical memory assigned to process): 4304M, peak: 4364M
current process commit charge ("private bytes"): 4391M, peak: 4528M

vm_info: OpenJDK 64-Bit Server VM (11.0.11+9) for windows-amd64 JRE (11.0.11+9), built on Apr  9 2021 19:32:08 by "" with MS VC++ 15.5 (VS2017)

END.
