#-----------------------------------------------------------
# Vivado v2022.1 (64-bit)
# SW Build 3526262 on Mon Apr 18 15:48:16 MDT 2022
# IP Build 3524634 on Mon Apr 18 20:55:01 MDT 2022
# Start of session at: Fri May 17 17:36:28 2024
# Process ID: 4100
# Current directory: C:/Users/youssefibrahim/Desktop/final project
# Command line: vivado.exe -gui_launcher_event rodinguilauncherevent14848 C:\Users\youssefibrahim\Desktop\final project\final project.xpr
# Log file: C:/Users/youssefibrahim/Desktop/final project/vivado.log
# Journal file: C:/Users/youssefibrahim/Desktop/final project\vivado.jou
# Running On: CSE-P07-2168-83, OS: Windows, CPU Frequency: 3696 MHz, CPU Physical cores: 8, Host memory: 34020 MB
#-----------------------------------------------------------
start_gui
open_project {C:/Users/youssefibrahim/Desktop/final project/final project.xpr}
WARNING: [Board 49-26] cannot add Board Part xilinx.com:kc705:part0:1.6 available at C:/Xilinx/Vivado/2022.1/data/xhub/boards/XilinxBoardStore/boards/Xilinx/kc705/1.6/board.xml as part xc7k325tffg900-2 specified in board_part file is either invalid or not available
WARNING: [Board 49-26] cannot add Board Part xilinx.com:kcu105:part0:1.6 available at C:/Xilinx/Vivado/2022.1/data/xhub/boards/XilinxBoardStore/boards/Xilinx/kcu105/1.6/board.xml as part xcku040-ffva1156-2-e specified in board_part file is either invalid or not available
WARNING: [Board 49-26] cannot add Board Part xilinx.com:kcu105:part0:1.7 available at C:/Xilinx/Vivado/2022.1/data/xhub/boards/XilinxBoardStore/boards/Xilinx/kcu105/1.7/board.xml as part xcku040-ffva1156-2-e specified in board_part file is either invalid or not available
WARNING: [Board 49-26] cannot add Board Part xilinx.com:kcu1500:part0:1.2 available at C:/Xilinx/Vivado/2022.1/data/xhub/boards/XilinxBoardStore/boards/Xilinx/kcu1500/1.2/board.xml as part xcku115-flvb2104-2-e specified in board_part file is either invalid or not available
WARNING: [Board 49-26] cannot add Board Part xilinx.com:vc707:part0:1.4 available at C:/Xilinx/Vivado/2022.1/data/xhub/boards/XilinxBoardStore/boards/Xilinx/vc707/1.4/board.xml as part xc7vx485tffg1761-2 specified in board_part file is either invalid or not available
WARNING: [Board 49-26] cannot add Board Part xilinx.com:vc709:part0:1.8 available at C:/Xilinx/Vivado/2022.1/data/xhub/boards/XilinxBoardStore/boards/Xilinx/vc709/1.8/board.xml as part xc7vx690tffg1761-2 specified in board_part file is either invalid or not available
WARNING: [Board 49-26] cannot add Board Part xilinx.com:vck190:part0:2.2 available at C:/Xilinx/Vivado/2022.1/data/xhub/boards/XilinxBoardStore/boards/Xilinx/vck190/production/2.2/board.xml as part xcvc1902-vsva2197-2mp-e-s specified in board_part file is either invalid or not available
WARNING: [Board 49-26] cannot add Board Part xilinx.com:vck190:part0:3.0 available at C:/Xilinx/Vivado/2022.1/data/xhub/boards/XilinxBoardStore/boards/Xilinx/vck190/production/3.0/board.xml as part xcvc1902-vsva2197-2mp-e-s specified in board_part file is either invalid or not available
WARNING: [Board 49-26] cannot add Board Part xilinx.com:vck190_newl:part0:1.0 available at C:/Xilinx/Vivado/2022.1/data/xhub/boards/XilinxBoardStore/boards/Xilinx/vck190_newl/production/1.0/board.xml as part xcvc1902-vsva2197-2mp-e-s specified in board_part file is either invalid or not available
WARNING: [Board 49-26] cannot add Board Part xilinx.com:vcu108:part0:1.6 available at C:/Xilinx/Vivado/2022.1/data/xhub/boards/XilinxBoardStore/boards/Xilinx/vcu108/1.6/board.xml as part xcvu095-ffva2104-2-e specified in board_part file is either invalid or not available
WARNING: [Board 49-26] cannot add Board Part xilinx.com:vcu108:part0:1.7 available at C:/Xilinx/Vivado/2022.1/data/xhub/boards/XilinxBoardStore/boards/Xilinx/vcu108/1.7/board.xml as part xcvu095-ffva2104-2-e specified in board_part file is either invalid or not available
WARNING: [Board 49-26] cannot add Board Part xilinx.com:vcu110:part0:1.4 available at C:/Xilinx/Vivado/2022.1/data/xhub/boards/XilinxBoardStore/boards/Xilinx/vcu110/1.4/board.xml as part xcvu190-flgc2104-2-e specified in board_part file is either invalid or not available
WARNING: [Board 49-26] cannot add Board Part xilinx.com:vcu118:part0:2.0 available at C:/Xilinx/Vivado/2022.1/data/xhub/boards/XilinxBoardStore/boards/Xilinx/vcu118/2.0/board.xml as part xcvu9p-flga2104-2l-e specified in board_part file is either invalid or not available
WARNING: [Board 49-26] cannot add Board Part xilinx.com:vcu118:part0:2.3 available at C:/Xilinx/Vivado/2022.1/data/xhub/boards/XilinxBoardStore/boards/Xilinx/vcu118/2.3/board.xml as part xcvu9p-flga2104-2l-e specified in board_part file is either invalid or not available
WARNING: [Board 49-26] cannot add Board Part xilinx.com:vcu118:part0:2.4 available at C:/Xilinx/Vivado/2022.1/data/xhub/boards/XilinxBoardStore/boards/Xilinx/vcu118/2.4/board.xml as part xcvu9p-flga2104-2l-e specified in board_part file is either invalid or not available
WARNING: [Board 49-26] cannot add Board Part xilinx.com:vcu128:part0:1.0 available at C:/Xilinx/Vivado/2022.1/data/xhub/boards/XilinxBoardStore/boards/Xilinx/vcu128/production/1.0/board.xml as part xcvu37p-fsvh2892-2l-e specified in board_part file is either invalid or not available
WARNING: [Board 49-26] cannot add Board Part xilinx.com:vcu129:part0:1.0 available at C:/Xilinx/Vivado/2022.1/data/xhub/boards/XilinxBoardStore/boards/Xilinx/vcu129/production/1.0/board.xml as part xcvu29p-fsga2577-2l-e specified in board_part file is either invalid or not available
WARNING: [Board 49-26] cannot add Board Part xilinx.com:vcu1525:part0:1.3 available at C:/Xilinx/Vivado/2022.1/data/xhub/boards/XilinxBoardStore/boards/Xilinx/vcu1525/1.3/board.xml as part xcvu9p-fsgd2104-2l-e specified in board_part file is either invalid or not available
WARNING: [Board 49-26] cannot add Board Part xilinx.com:vermeo_t1_mpsoc:part0:1.0 available at C:/Xilinx/Vivado/2022.1/data/xhub/boards/XilinxBoardStore/boards/Xilinx/vermeo_t1_mpsoc/1.0/board.xml as part xczu19eg-ffvd1760-2l-e specified in board_part file is either invalid or not available
WARNING: [Board 49-26] cannot add Board Part xilinx.com:vermeo_t1_rfsoc:part0:1.0 available at C:/Xilinx/Vivado/2022.1/data/xhub/boards/XilinxBoardStore/boards/Xilinx/vermeo_t1_rfsoc/1.0/board.xml as part xczu21dr-ffvd1156-2l-e specified in board_part file is either invalid or not available
WARNING: [Board 49-26] cannot add Board Part xilinx.com:vmk180:part0:2.2 available at C:/Xilinx/Vivado/2022.1/data/xhub/boards/XilinxBoardStore/boards/Xilinx/vmk180/production/2.2/board.xml as part xcvm1802-vsva2197-2mp-e-s specified in board_part file is either invalid or not available
WARNING: [Board 49-26] cannot add Board Part xilinx.com:vmk180:part0:3.0 available at C:/Xilinx/Vivado/2022.1/data/xhub/boards/XilinxBoardStore/boards/Xilinx/vmk180/production/3.0/board.xml as part xcvm1802-vsva2197-2mp-e-s specified in board_part file is either invalid or not available
WARNING: [Board 49-26] cannot add Board Part xilinx.com:vmk180_newl:part0:1.0 available at C:/Xilinx/Vivado/2022.1/data/xhub/boards/XilinxBoardStore/boards/Xilinx/vmk180_newl/production/1.0/board.xml as part xcvm1802-vsva2197-2mp-e-s specified in board_part file is either invalid or not available
WARNING: [Board 49-26] cannot add Board Part xilinx.com:vpk120_es:part0:1.2 available at C:/Xilinx/Vivado/2022.1/data/xhub/boards/XilinxBoardStore/boards/Xilinx/vpk120/es/1.2/board.xml as part xcvp1202-vsva2785-2mp-e-s-es1 specified in board_part file is either invalid or not available
WARNING: [Board 49-26] cannot add Board Part xilinx.com:vpk120_es_revb:part0:1.0 available at C:/Xilinx/Vivado/2022.1/data/xhub/boards/XilinxBoardStore/boards/Xilinx/vpk120_revb/es/1.0/board.xml as part xcvp1202-vsva2785-2mp-e-s-es1 specified in board_part file is either invalid or not available
WARNING: [Board 49-26] cannot add Board Part xilinx.com:zc706:part0:1.4 available at C:/Xilinx/Vivado/2022.1/data/xhub/boards/XilinxBoardStore/boards/Xilinx/zc706/1.4/board.xml as part xc7z045ffg900-2 specified in board_part file is either invalid or not available
WARNING: [Board 49-26] cannot add Board Part xilinx.com:zcu102:part0:3.3 available at C:/Xilinx/Vivado/2022.1/data/xhub/boards/XilinxBoardStore/boards/Xilinx/zcu102/3.3/board.xml as part xczu9eg-ffvb1156-2-e specified in board_part file is either invalid or not available
WARNING: [Board 49-26] cannot add Board Part xilinx.com:zcu102:part0:3.4 available at C:/Xilinx/Vivado/2022.1/data/xhub/boards/XilinxBoardStore/boards/Xilinx/zcu102/3.4/board.xml as part xczu9eg-ffvb1156-2-e specified in board_part file is either invalid or not available
WARNING: [Board 49-26] cannot add Board Part xilinx.com:zcu111:part0:1.2 available at C:/Xilinx/Vivado/2022.1/data/xhub/boards/XilinxBoardStore/boards/Xilinx/zcu111/1.2/board.xml as part xczu28dr-ffvg1517-2-e specified in board_part file is either invalid or not available
WARNING: [Board 49-26] cannot add Board Part xilinx.com:zcu111:part0:1.3 available at C:/Xilinx/Vivado/2022.1/data/xhub/boards/XilinxBoardStore/boards/Xilinx/zcu111/1.3/board.xml as part xczu28dr-ffvg1517-2-e specified in board_part file is either invalid or not available
WARNING: [Board 49-26] cannot add Board Part xilinx.com:zcu111:part0:1.4 available at C:/Xilinx/Vivado/2022.1/data/xhub/boards/XilinxBoardStore/boards/Xilinx/zcu111/1.4/board.xml as part xczu28dr-ffvg1517-2-e specified in board_part file is either invalid or not available
WARNING: [Board 49-26] cannot add Board Part xilinx.com:zcu1275:part0:1.0 available at C:/Xilinx/Vivado/2022.1/data/xhub/boards/XilinxBoardStore/boards/Xilinx/zcu1275/1.0/board.xml as part xczu29dr-ffvf1760-2-e specified in board_part file is either invalid or not available
WARNING: [Board 49-26] cannot add Board Part xilinx.com:zcu1285:part0:1.0 available at C:/Xilinx/Vivado/2022.1/data/xhub/boards/XilinxBoardStore/boards/Xilinx/zcu1285/1.0/board.xml as part xczu39dr-ffvf1760-2-i specified in board_part file is either invalid or not available
WARNING: [Board 49-26] cannot add Board Part xilinx.com:zcu208:part0:2.0 available at C:/Xilinx/Vivado/2022.1/data/xhub/boards/XilinxBoardStore/boards/Xilinx/zcu208/production/2.0/board.xml as part xczu48dr-fsvg1517-2-e specified in board_part file is either invalid or not available
WARNING: [Board 49-26] cannot add Board Part xilinx.com:zcu208ld:part0:2.0 available at C:/Xilinx/Vivado/2022.1/data/xhub/boards/XilinxBoardStore/boards/Xilinx/zcu208ld/production/2.0/board.xml as part xczu58dr-fsvg1517-2-i specified in board_part file is either invalid or not available
WARNING: [Board 49-26] cannot add Board Part xilinx.com:zcu216:part0:2.0 available at C:/Xilinx/Vivado/2022.1/data/xhub/boards/XilinxBoardStore/boards/Xilinx/zcu216/production/2.0/board.xml as part xczu49dr-ffvf1760-2-e specified in board_part file is either invalid or not available
WARNING: [Board 49-26] cannot add Board Part xilinx.com:zcu216ld:part0:2.0 available at C:/Xilinx/Vivado/2022.1/data/xhub/boards/XilinxBoardStore/boards/Xilinx/zcu216ld/production/2.0/board.xml as part xczu59dr-ffvf1760-2-i specified in board_part file is either invalid or not available
WARNING: [Board 49-26] cannot add Board Part xilinx.com:zcu670:part0:2.0 available at C:/Xilinx/Vivado/2022.1/data/xhub/boards/XilinxBoardStore/boards/Xilinx/zcu670/2.0/board.xml as part xczu67dr-fsve1156-2-i specified in board_part file is either invalid or not available
WARNING: [Board 49-26] cannot add Board Part xilinx.com:zcu670ld:part0:1.0 available at C:/Xilinx/Vivado/2022.1/data/xhub/boards/XilinxBoardStore/boards/Xilinx/zcu670ld/1.0/board.xml as part xczu57dr-fsve1156-2-i specified in board_part file is either invalid or not available
INFO: [filemgmt 56-3] Default IP Output Path : Could not find the directory 'C:/Users/youssefibrahim/Desktop/final project/final project.gen/sources_1'.
Scanning sources...
Finished scanning sources
INFO: [IP_Flow 19-234] Refreshing IP repositories
INFO: [IP_Flow 19-1704] No user IP repositories specified
INFO: [IP_Flow 19-2313] Loaded Vivado IP repository 'C:/Xilinx/Vivado/2022.1/data/ip'.
open_project: Time (s): cpu = 00:00:21 ; elapsed = 00:00:07 . Memory (MB): peak = 1602.047 ; gain = 0.000
update_compile_order -fileset sources_1
reset_run synth_1
INFO: [Project 1-1160] Copying file C:/Users/youssefibrahim/Desktop/final project/final project.runs/synth_1/digital_clock.dcp to C:/Users/youssefibrahim/Desktop/final project/final project.srcs/utils_1/imports/synth_1 and adding it to utils fileset
launch_runs synth_1 -jobs 8
CRITICAL WARNING: [HDL 9-1206] Syntax error near 'endmodule' [C:/Users/youssefibrahim/Desktop/final project/final project.srcs/sources_1/new/hms_counter.v:71]
[Fri May 17 17:36:49 2024] Launched synth_1...
Run output will be captured here: C:/Users/youssefibrahim/Desktop/final project/final project.runs/synth_1/runme.log
reset_run synth_1
launch_runs synth_1 -jobs 8
CRITICAL WARNING: [HDL 9-1206] Syntax error near 'endmodule' [C:/Users/youssefibrahim/Desktop/final project/final project.srcs/sources_1/new/hms_counter.v:144]
[Fri May 17 17:40:31 2024] Launched synth_1...
Run output will be captured here: C:/Users/youssefibrahim/Desktop/final project/final project.runs/synth_1/runme.log
reset_run synth_1
launch_runs synth_1 -jobs 8
[Fri May 17 17:41:11 2024] Launched synth_1...
Run output will be captured here: C:/Users/youssefibrahim/Desktop/final project/final project.runs/synth_1/runme.log
export_ip_user_files -of_objects  [get_files {{C:/Users/youssefibrahim/Desktop/final project/final project.srcs/utils_1/imports/synth_1/digital_clock.dcp}}] -no_script -reset -force -quiet
remove_files  -fileset utils_1 {{C:/Users/youssefibrahim/Desktop/final project/final project.srcs/utils_1/imports/synth_1/digital_clock.dcp}}
file delete -force {C:/Users/youssefibrahim/Desktop/final project/final project.srcs/utils_1/imports/synth_1/digital_clock.dcp}
reset_run synth_1
launch_runs synth_1 -jobs 8
WARNING: [Vivado 12-7122] Auto Incremental Compile:: No reference checkpoint was found in run synth_1. Auto-incremental flow will not be run, the standard flow will be run instead.
[Fri May 17 17:41:43 2024] Launched synth_1...
Run output will be captured here: C:/Users/youssefibrahim/Desktop/final project/final project.runs/synth_1/runme.log
reset_run synth_1
launch_runs synth_1 -jobs 8
CRITICAL WARNING: [HDL 9-1206] Syntax error near '&' [C:/Users/youssefibrahim/Desktop/final project/final project.srcs/sources_1/new/clk_divider.v:29]
CRITICAL WARNING: [HDL 9-1206] Syntax error near '&' [C:/Users/youssefibrahim/Desktop/final project/final project.srcs/sources_1/new/clk_divider.v:31]
CRITICAL WARNING: [HDL 9-1206] Syntax error near '&' [C:/Users/youssefibrahim/Desktop/final project/final project.srcs/sources_1/new/counter.v:26]
CRITICAL WARNING: [HDL 9-1206] Syntax error near '&' [C:/Users/youssefibrahim/Desktop/final project/final project.srcs/sources_1/new/counter.v:28]
CRITICAL WARNING: [HDL 9-849] Syntax error : file ended before end of clause. [C:/Users/youssefibrahim/Desktop/final project/final project.srcs/sources_1/new/fourx1mux.v:43]
CRITICAL WARNING: [HDL 9-1206] Syntax error near '(' [C:/Users/youssefibrahim/Desktop/final project/final project.srcs/sources_1/new/hms_counter.v:1]
CRITICAL WARNING: [HDL 9-1206] Syntax error near 'output' [C:/Users/youssefibrahim/Desktop/final project/final project.srcs/sources_1/new/hms_counter.v:2]
CRITICAL WARNING: [HDL 9-1206] Syntax error near 'always' [C:/Users/youssefibrahim/Desktop/final project/final project.srcs/sources_1/new/hms_counter.v:28]
WARNING: [Vivado 12-7122] Auto Incremental Compile:: No reference checkpoint was found in run synth_1. Auto-incremental flow will not be run, the standard flow will be run instead.
[Fri May 17 17:46:25 2024] Launched synth_1...
Run output will be captured here: C:/Users/youssefibrahim/Desktop/final project/final project.runs/synth_1/runme.log
reset_run synth_1
launch_runs synth_1 -jobs 8
CRITICAL WARNING: [HDL 9-1206] Syntax error near '&' [C:/Users/youssefibrahim/Desktop/final project/final project.srcs/sources_1/new/counter.v:26]
CRITICAL WARNING: [HDL 9-1206] Syntax error near '&' [C:/Users/youssefibrahim/Desktop/final project/final project.srcs/sources_1/new/counter.v:28]
CRITICAL WARNING: [HDL 9-849] Syntax error : file ended before end of clause. [C:/Users/youssefibrahim/Desktop/final project/final project.srcs/sources_1/new/fourx1mux.v:43]
CRITICAL WARNING: [HDL 9-1206] Syntax error near '(' [C:/Users/youssefibrahim/Desktop/final project/final project.srcs/sources_1/new/hms_counter.v:1]
CRITICAL WARNING: [HDL 9-1206] Syntax error near 'output' [C:/Users/youssefibrahim/Desktop/final project/final project.srcs/sources_1/new/hms_counter.v:2]
CRITICAL WARNING: [HDL 9-1206] Syntax error near 'always' [C:/Users/youssefibrahim/Desktop/final project/final project.srcs/sources_1/new/hms_counter.v:28]
WARNING: [Vivado 12-7122] Auto Incremental Compile:: No reference checkpoint was found in run synth_1. Auto-incremental flow will not be run, the standard flow will be run instead.
[Fri May 17 17:48:08 2024] Launched synth_1...
Run output will be captured here: C:/Users/youssefibrahim/Desktop/final project/final project.runs/synth_1/runme.log
reset_run synth_1
launch_runs synth_1 -jobs 8
CRITICAL WARNING: [HDL 9-849] Syntax error : file ended before end of clause. [C:/Users/youssefibrahim/Desktop/final project/final project.srcs/sources_1/new/fourx1mux.v:43]
CRITICAL WARNING: [HDL 9-1206] Syntax error near '(' [C:/Users/youssefibrahim/Desktop/final project/final project.srcs/sources_1/new/hms_counter.v:1]
CRITICAL WARNING: [HDL 9-1206] Syntax error near 'output' [C:/Users/youssefibrahim/Desktop/final project/final project.srcs/sources_1/new/hms_counter.v:2]
CRITICAL WARNING: [HDL 9-1206] Syntax error near 'always' [C:/Users/youssefibrahim/Desktop/final project/final project.srcs/sources_1/new/hms_counter.v:28]
WARNING: [Vivado 12-7122] Auto Incremental Compile:: No reference checkpoint was found in run synth_1. Auto-incremental flow will not be run, the standard flow will be run instead.
[Fri May 17 17:49:02 2024] Launched synth_1...
Run output will be captured here: C:/Users/youssefibrahim/Desktop/final project/final project.runs/synth_1/runme.log
reset_run synth_1
launch_runs synth_1 -jobs 8
CRITICAL WARNING: [HDL 9-849] Syntax error : file ended before end of clause. [C:/Users/youssefibrahim/Desktop/final project/final project.srcs/sources_1/new/fourx1mux.v:43]
WARNING: [Vivado 12-7122] Auto Incremental Compile:: No reference checkpoint was found in run synth_1. Auto-incremental flow will not be run, the standard flow will be run instead.
[Fri May 17 17:50:06 2024] Launched synth_1...
Run output will be captured here: C:/Users/youssefibrahim/Desktop/final project/final project.runs/synth_1/runme.log
reset_run synth_1
launch_runs synth_1 -jobs 8
CRITICAL WARNING: [HDL 9-1206] Syntax error near 'endmodule' [C:/Users/youssefibrahim/Desktop/final project/final project.srcs/sources_1/new/fourx1mux.v:43]
WARNING: [Vivado 12-7122] Auto Incremental Compile:: No reference checkpoint was found in run synth_1. Auto-incremental flow will not be run, the standard flow will be run instead.
[Fri May 17 17:50:35 2024] Launched synth_1...
Run output will be captured here: C:/Users/youssefibrahim/Desktop/final project/final project.runs/synth_1/runme.log
reset_run synth_1
launch_runs synth_1 -jobs 8
WARNING: [Vivado 12-7122] Auto Incremental Compile:: No reference checkpoint was found in run synth_1. Auto-incremental flow will not be run, the standard flow will be run instead.
[Fri May 17 17:51:00 2024] Launched synth_1...
Run output will be captured here: C:/Users/youssefibrahim/Desktop/final project/final project.runs/synth_1/runme.log
open_hw_manager
launch_runs impl_1 -to_step write_bitstream -jobs 8
[Fri May 17 17:52:12 2024] Launched impl_1...
Run output will be captured here: C:/Users/youssefibrahim/Desktop/final project/final project.runs/impl_1/runme.log
connect_hw_server -allow_non_jtag
INFO: [Labtools 27-2285] Connecting to hw_server url TCP:localhost:3121
INFO: [Labtools 27-2222] Launching hw_server...
INFO: [Labtools 27-2221] Launch Output:

****** Xilinx hw_server v2022.1
  **** Build date : Apr 18 2022 at 16:02:36
    ** Copyright 1986-2022 Xilinx, Inc. All Rights Reserved.


INFO: [Labtools 27-3415] Connecting to cs_server url TCP:localhost:3042
INFO: [Labtools 27-3417] Launching cs_server...
INFO: [Labtools 27-2221] Launch Output:


******** Xilinx cs_server v2022.1.0
  ****** Build date   : Apr 12 2022-21:12:08
    **** Build number : 2022.1.1649790728
      ** Copyright 2017-2024 Xilinx, Inc. All Rights Reserved.



connect_hw_server: Time (s): cpu = 00:00:01 ; elapsed = 00:00:22 . Memory (MB): peak = 1602.047 ; gain = 0.000
open_hw_target
INFO: [Labtoolstcl 44-466] Opening hw_target localhost:3121/xilinx_tcf/Digilent/210183AB3F9CA
open_hw_target: Time (s): cpu = 00:00:06 ; elapsed = 00:00:06 . Memory (MB): peak = 3296.500 ; gain = 1694.453
current_hw_device [get_hw_devices xc7a35t_0]
refresh_hw_device -update_hw_probes false [lindex [get_hw_devices xc7a35t_0] 0]
INFO: [Labtools 27-1434] Device xc7a35t (JTAG device index = 0) is programmed with a design that has no supported debug core(s) in it.
set_property PROBES.FILE {} [get_hw_devices xc7a35t_0]
set_property FULL_PROBES.FILE {} [get_hw_devices xc7a35t_0]
set_property PROGRAM.FILE {C:/Users/youssefibrahim/Desktop/final project/final project.runs/impl_1/digital_clock.bit} [get_hw_devices xc7a35t_0]
program_hw_devices [get_hw_devices xc7a35t_0]
INFO: [Labtools 27-3164] End of startup status: HIGH
refresh_hw_device [lindex [get_hw_devices xc7a35t_0] 0]
INFO: [Labtools 27-1434] Device xc7a35t (JTAG device index = 0) is programmed with a design that has no supported debug core(s) in it.
ERROR: [Labtoolstcl 44-513] HW Target shutdown. Closing target: localhost:3121/xilinx_tcf/Digilent/210183AB3F9CA
INFO: [Labtoolstcl 44-466] Opening hw_target localhost:3121/xilinx_tcf/Digilent/210183AB3F9CA
INFO: [Labtools 27-1435] Device xc7a35t (JTAG device index = 0) is not programmed (DONE status = 0).
WARNING: [Labtoolstcl 44-129] No matching hw_ila_data was found.
set_property PROBES.FILE {} [get_hw_devices xc7a35t_0]
set_property FULL_PROBES.FILE {} [get_hw_devices xc7a35t_0]
set_property PROGRAM.FILE {C:/Users/youssefibrahim/Desktop/final project/final project.runs/impl_1/digital_clock.bit} [get_hw_devices xc7a35t_0]
program_hw_devices [get_hw_devices xc7a35t_0]
INFO: [Labtools 27-3164] End of startup status: HIGH
refresh_hw_device [lindex [get_hw_devices xc7a35t_0] 0]
INFO: [Labtools 27-1434] Device xc7a35t (JTAG device index = 0) is programmed with a design that has no supported debug core(s) in it.
set_property PROBES.FILE {} [get_hw_devices xc7a35t_0]
set_property FULL_PROBES.FILE {} [get_hw_devices xc7a35t_0]
set_property PROGRAM.FILE {C:/Users/youssefibrahim/Desktop/final project/final project.runs/impl_1/digital_clock.bit} [get_hw_devices xc7a35t_0]
program_hw_devices [get_hw_devices xc7a35t_0]
INFO: [Labtools 27-3164] End of startup status: HIGH
refresh_hw_device [lindex [get_hw_devices xc7a35t_0] 0]
INFO: [Labtools 27-1434] Device xc7a35t (JTAG device index = 0) is programmed with a design that has no supported debug core(s) in it.
reset_run impl_1 -prev_step 
launch_runs impl_1 -to_step write_bitstream -jobs 8
WARNING: [Vivado 12-872] Run step 'Design Initialization' is out-of-date.
[Fri May 17 18:01:37 2024] Launched impl_1...
Run output will be captured here: C:/Users/youssefibrahim/Desktop/final project/final project.runs/impl_1/runme.log
update_compile_order -fileset sources_1
open_run impl_1
INFO: [Device 21-403] Loading part xc7a35tcpg236-1
Netlist sorting complete. Time (s): cpu = 00:00:00 ; elapsed = 00:00:00.001 . Memory (MB): peak = 3703.742 ; gain = 0.000
INFO: [Netlist 29-17] Analyzing 8 Unisim elements for replacement
INFO: [Netlist 29-28] Unisim Transformation completed in 0 CPU seconds
INFO: [Project 1-479] Netlist was created with Vivado 2022.1
INFO: [Project 1-570] Preparing netlist for logic optimization
INFO: [Timing 38-478] Restoring timing data from binary archive.
INFO: [Timing 38-479] Binary timing data restore complete.
INFO: [Project 1-856] Restoring constraints from binary archive.
INFO: [Project 1-853] Binary constraint restore complete.
Reading XDEF placement.
Reading placer database...
Reading XDEF routing.
Read XDEF Files: Time (s): cpu = 00:00:00 ; elapsed = 00:00:00.029 . Memory (MB): peak = 4367.520 ; gain = 0.000
Restored from archive | CPU: 0.000000 secs | Memory: 0.000000 MB |
Finished XDEF File Restore: Time (s): cpu = 00:00:00 ; elapsed = 00:00:00.029 . Memory (MB): peak = 4367.520 ; gain = 0.000
Netlist sorting complete. Time (s): cpu = 00:00:00 ; elapsed = 00:00:00 . Memory (MB): peak = 4367.520 ; gain = 0.000
INFO: [Project 1-111] Unisim Transformation Summary:
No Unisim elements were transformed.

open_run: Time (s): cpu = 00:00:20 ; elapsed = 00:00:14 . Memory (MB): peak = 4514.980 ; gain = 1162.004
WARNING: [Timing 38-313] There are no user specified timing constraints. Timing constraints are needed for proper timing analysis.
reset_run synth_1
INFO: [Project 1-1160] Copying file C:/Users/youssefibrahim/Desktop/final project/final project.runs/synth_1/digital_clock.dcp to C:/Users/youssefibrahim/Desktop/final project/final project.srcs/utils_1/imports/synth_1 and adding it to utils fileset
launch_runs impl_1 -to_step write_bitstream -jobs 8
[Fri May 17 18:02:51 2024] Launched synth_1...
Run output will be captured here: C:/Users/youssefibrahim/Desktop/final project/final project.runs/synth_1/runme.log
[Fri May 17 18:02:51 2024] Launched impl_1...
Run output will be captured here: C:/Users/youssefibrahim/Desktop/final project/final project.runs/impl_1/runme.log
close_design
reset_run synth_1
launch_runs synth_1 -jobs 8
[Fri May 17 18:12:45 2024] Launched synth_1...
Run output will be captured here: C:/Users/youssefibrahim/Desktop/final project/final project.runs/synth_1/runme.log
export_ip_user_files -of_objects  [get_files {{C:/Users/youssefibrahim/Desktop/final project/final project.srcs/utils_1/imports/synth_1/digital_clock.dcp}}] -no_script -reset -force -quiet
remove_files  -fileset utils_1 {{C:/Users/youssefibrahim/Desktop/final project/final project.srcs/utils_1/imports/synth_1/digital_clock.dcp}}
file delete -force {C:/Users/youssefibrahim/Desktop/final project/final project.srcs/utils_1/imports/synth_1/digital_clock.dcp}
reset_run synth_1
launch_runs synth_1 -jobs 8
WARNING: [Vivado 12-7122] Auto Incremental Compile:: No reference checkpoint was found in run synth_1. Auto-incremental flow will not be run, the standard flow will be run instead.
[Fri May 17 18:12:58 2024] Launched synth_1...
Run output will be captured here: C:/Users/youssefibrahim/Desktop/final project/final project.runs/synth_1/runme.log
launch_runs impl_1 -to_step write_bitstream -jobs 8
[Fri May 17 18:13:45 2024] Launched impl_1...
Run output will be captured here: C:/Users/youssefibrahim/Desktop/final project/final project.runs/impl_1/runme.log
set_property PROBES.FILE {} [get_hw_devices xc7a35t_0]
set_property FULL_PROBES.FILE {} [get_hw_devices xc7a35t_0]
set_property PROGRAM.FILE {C:/Users/youssefibrahim/Desktop/final project/final project.runs/impl_1/digital_clock.bit} [get_hw_devices xc7a35t_0]
program_hw_devices [get_hw_devices xc7a35t_0]
INFO: [Labtools 27-3164] End of startup status: HIGH
refresh_hw_device [lindex [get_hw_devices xc7a35t_0] 0]
INFO: [Labtools 27-1434] Device xc7a35t (JTAG device index = 0) is programmed with a design that has no supported debug core(s) in it.
reset_run synth_1
INFO: [Project 1-1160] Copying file C:/Users/youssefibrahim/Desktop/final project/final project.runs/synth_1/digital_clock.dcp to C:/Users/youssefibrahim/Desktop/final project/final project.srcs/utils_1/imports/synth_1 and adding it to utils fileset
launch_runs synth_1 -jobs 8
[Fri May 17 18:17:58 2024] Launched synth_1...
Run output will be captured here: C:/Users/youssefibrahim/Desktop/final project/final project.runs/synth_1/runme.log
close_hw_manager
export_ip_user_files -of_objects  [get_files {{C:/Users/youssefibrahim/Desktop/final project/final project.srcs/utils_1/imports/synth_1/digital_clock.dcp}}] -no_script -reset -force -quiet
remove_files  -fileset utils_1 {{C:/Users/youssefibrahim/Desktop/final project/final project.srcs/utils_1/imports/synth_1/digital_clock.dcp}}
file delete -force {C:/Users/youssefibrahim/Desktop/final project/final project.srcs/utils_1/imports/synth_1/digital_clock.dcp}
reset_run synth_1
launch_runs synth_1 -jobs 8
WARNING: [Vivado 12-7122] Auto Incremental Compile:: No reference checkpoint was found in run synth_1. Auto-incremental flow will not be run, the standard flow will be run instead.
[Fri May 17 18:18:17 2024] Launched synth_1...
Run output will be captured here: C:/Users/youssefibrahim/Desktop/final project/final project.runs/synth_1/runme.log
reset_run synth_1
launch_runs synth_1 -jobs 8
WARNING: [Vivado 12-7122] Auto Incremental Compile:: No reference checkpoint was found in run synth_1. Auto-incremental flow will not be run, the standard flow will be run instead.
[Fri May 17 18:18:18 2024] Launched synth_1...
Run output will be captured here: C:/Users/youssefibrahim/Desktop/final project/final project.runs/synth_1/runme.log
reset_run synth_1
WARNING: [Vivado 12-1017] Problems encountered:
1. PID not specified

launch_runs synth_1 -jobs 8
WARNING: [Vivado 12-7122] Auto Incremental Compile:: No reference checkpoint was found in run synth_1. Auto-incremental flow will not be run, the standard flow will be run instead.
[Fri May 17 18:18:23 2024] Launched synth_1...
Run output will be captured here: C:/Users/youssefibrahim/Desktop/final project/final project.runs/synth_1/runme.log
launch_runs impl_1 -jobs 8
[Fri May 17 18:19:02 2024] Launched impl_1...
Run output will be captured here: C:/Users/youssefibrahim/Desktop/final project/final project.runs/impl_1/runme.log
open_hw_manager
connect_hw_server -allow_non_jtag
INFO: [Labtools 27-2285] Connecting to hw_server url TCP:localhost:3121
INFO: [Labtools 27-2222] Launching hw_server...
INFO: [Labtools 27-2221] Launch Output:

****** Xilinx hw_server v2022.1
  **** Build date : Apr 18 2022 at 16:02:36
    ** Copyright 1986-2022 Xilinx, Inc. All Rights Reserved.


INFO: [Labtools 27-3415] Connecting to cs_server url TCP:localhost:3042
INFO: [Labtools 27-3417] Launching cs_server...
INFO: [Labtools 27-2221] Launch Output:


******** Xilinx cs_server v2022.1.0
  ****** Build date   : Apr 12 2022-21:12:08
    **** Build number : 2022.1.1649790728
      ** Copyright 2017-2024 Xilinx, Inc. All Rights Reserved.



connect_hw_server: Time (s): cpu = 00:00:01 ; elapsed = 00:00:21 . Memory (MB): peak = 4528.164 ; gain = 0.000
open_hw_target
INFO: [Labtoolstcl 44-466] Opening hw_target localhost:3121/xilinx_tcf/Digilent/210183AB3F9CA
current_hw_device [get_hw_devices xc7a35t_0]
refresh_hw_device -update_hw_probes false [lindex [get_hw_devices xc7a35t_0] 0]
INFO: [Labtools 27-1434] Device xc7a35t (JTAG device index = 0) is programmed with a design that has no supported debug core(s) in it.
refresh_hw_device [lindex [get_hw_devices xc7a35t_0] 0]
INFO: [Labtools 27-1434] Device xc7a35t (JTAG device index = 0) is programmed with a design that has no supported debug core(s) in it.
update_compile_order -fileset sources_1
close_hw_manager
reset_run synth_1
INFO: [Project 1-1160] Copying file C:/Users/youssefibrahim/Desktop/final project/final project.runs/synth_1/digital_clock.dcp to C:/Users/youssefibrahim/Desktop/final project/final project.srcs/utils_1/imports/synth_1 and adding it to utils fileset
launch_runs synth_1 -jobs 8
[Fri May 17 18:33:17 2024] Launched synth_1...
Run output will be captured here: C:/Users/youssefibrahim/Desktop/final project/final project.runs/synth_1/runme.log
export_ip_user_files -of_objects  [get_files {{C:/Users/youssefibrahim/Desktop/final project/final project.srcs/utils_1/imports/synth_1/digital_clock.dcp}}] -no_script -reset -force -quiet
remove_files  -fileset utils_1 {{C:/Users/youssefibrahim/Desktop/final project/final project.srcs/utils_1/imports/synth_1/digital_clock.dcp}}
